{"/home/matviei/Desktop/work/testForWebDev/src/js/main.js": {"path":"/home/matviei/Desktop/work/testForWebDev/src/js/main.js","statementMap":{"0":{"start":{"line":24,"column":16},"end":{"line":27,"column":6}},"1":{"start":{"line":28,"column":12},"end":{"line":31,"column":6}},"2":{"start":{"line":32,"column":18},"end":{"line":32,"column":52}},"3":{"start":{"line":33,"column":16},"end":{"line":33,"column":48}},"4":{"start":{"line":34,"column":14},"end":{"line":34,"column":27}},"5":{"start":{"line":35,"column":18},"end":{"line":38,"column":6}},"6":{"start":{"line":39,"column":16},"end":{"line":42,"column":6}},"7":{"start":{"line":43,"column":21},"end":{"line":43,"column":31}},"8":{"start":{"line":44,"column":24},"end":{"line":49,"column":6}},"9":{"start":{"line":50,"column":22},"end":{"line":55,"column":6}},"10":{"start":{"line":57,"column":2},"end":{"line":57,"column":54}},"11":{"start":{"line":58,"column":2},"end":{"line":58,"column":50}},"12":{"start":{"line":59,"column":2},"end":{"line":59,"column":52}},"13":{"start":{"line":60,"column":2},"end":{"line":60,"column":48}},"14":{"start":{"line":62,"column":2},"end":{"line":62,"column":42}},"15":{"start":{"line":63,"column":2},"end":{"line":63,"column":38}},"16":{"start":{"line":65,"column":2},"end":{"line":68,"column":4}},"17":{"start":{"line":70,"column":2},"end":{"line":77,"column":5}},"18":{"start":{"line":72,"column":18},"end":{"line":72,"column":42}},"19":{"start":{"line":73,"column":18},"end":{"line":73,"column":44}},"20":{"start":{"line":75,"column":6},"end":{"line":75,"column":62}},"21":{"start":{"line":79,"column":2},"end":{"line":86,"column":5}},"22":{"start":{"line":81,"column":18},"end":{"line":81,"column":42}},"23":{"start":{"line":82,"column":18},"end":{"line":82,"column":44}},"24":{"start":{"line":84,"column":6},"end":{"line":84,"column":62}},"25":{"start":{"line":88,"column":2},"end":{"line":105,"column":5}},"26":{"start":{"line":90,"column":6},"end":{"line":90,"column":58}},"27":{"start":{"line":93,"column":16},"end":{"line":93,"column":39}},"28":{"start":{"line":95,"column":6},"end":{"line":95,"column":23}},"29":{"start":{"line":95,"column":16},"end":{"line":95,"column":23}},"30":{"start":{"line":97,"column":17},"end":{"line":97,"column":45}},"31":{"start":{"line":99,"column":6},"end":{"line":99,"column":52}},"32":{"start":{"line":101,"column":6},"end":{"line":101,"column":33}},"33":{"start":{"line":103,"column":6},"end":{"line":103,"column":38}},"34":{"start":{"line":107,"column":2},"end":{"line":107,"column":21}},"35":{"start":{"line":109,"column":2},"end":{"line":109,"column":19}},"36":{"start":{"line":111,"column":2},"end":{"line":111,"column":58}},"37":{"start":{"line":113,"column":2},"end":{"line":120,"column":5}},"38":{"start":{"line":115,"column":6},"end":{"line":115,"column":76}},"39":{"start":{"line":118,"column":6},"end":{"line":118,"column":53}},"40":{"start":{"line":122,"column":2},"end":{"line":130,"column":5}},"41":{"start":{"line":123,"column":4},"end":{"line":129,"column":5}},"42":{"start":{"line":124,"column":20},"end":{"line":124,"column":49}},"43":{"start":{"line":125,"column":13},"end":{"line":125,"column":31}},"44":{"start":{"line":126,"column":15},"end":{"line":126,"column":42}},"45":{"start":{"line":128,"column":6},"end":{"line":128,"column":39}},"46":{"start":{"line":132,"column":2},"end":{"line":138,"column":5}},"47":{"start":{"line":133,"column":4},"end":{"line":137,"column":5}},"48":{"start":{"line":134,"column":20},"end":{"line":134,"column":49}},"49":{"start":{"line":135,"column":13},"end":{"line":135,"column":31}},"50":{"start":{"line":136,"column":15},"end":{"line":136,"column":43}},"51":{"start":{"line":140,"column":2},"end":{"line":254,"column":5}},"52":{"start":{"line":141,"column":4},"end":{"line":253,"column":13}},"53":{"start":{"line":142,"column":18},"end":{"line":202,"column":7}},"54":{"start":{"line":204,"column":20},"end":{"line":249,"column":7}},"55":{"start":{"line":251,"column":6},"end":{"line":251,"column":42}},"56":{"start":{"line":252,"column":6},"end":{"line":252,"column":38}},"57":{"start":{"line":256,"column":2},"end":{"line":256,"column":27}},"58":{"start":{"line":258,"column":2},"end":{"line":258,"column":46}},"59":{"start":{"line":260,"column":2},"end":{"line":260,"column":46}},"60":{"start":{"line":262,"column":2},"end":{"line":262,"column":59}},"61":{"start":{"line":264,"column":2},"end":{"line":264,"column":25}},"62":{"start":{"line":266,"column":2},"end":{"line":266,"column":44}},"63":{"start":{"line":268,"column":2},"end":{"line":268,"column":44}},"64":{"start":{"line":270,"column":2},"end":{"line":270,"column":57}},"65":{"start":{"line":273,"column":0},"end":{"line":273,"column":6}}},"fnMap":{"0":{"name":"app","decl":{"start":{"line":23,"column":15},"end":{"line":23,"column":18}},"loc":{"start":{"line":23,"column":21},"end":{"line":271,"column":1}},"line":23},"1":{"name":"(anonymous_1)","decl":{"start":{"line":71,"column":4},"end":{"line":71,"column":5}},"loc":{"start":{"line":71,"column":10},"end":{"line":76,"column":5}},"line":71},"2":{"name":"(anonymous_2)","decl":{"start":{"line":80,"column":4},"end":{"line":80,"column":5}},"loc":{"start":{"line":80,"column":10},"end":{"line":85,"column":5}},"line":80},"3":{"name":"(anonymous_3)","decl":{"start":{"line":89,"column":4},"end":{"line":89,"column":5}},"loc":{"start":{"line":89,"column":10},"end":{"line":91,"column":5}},"line":89},"4":{"name":"(anonymous_4)","decl":{"start":{"line":92,"column":4},"end":{"line":92,"column":5}},"loc":{"start":{"line":92,"column":10},"end":{"line":104,"column":5}},"line":92},"5":{"name":"(anonymous_5)","decl":{"start":{"line":114,"column":4},"end":{"line":114,"column":5}},"loc":{"start":{"line":114,"column":10},"end":{"line":116,"column":5}},"line":114},"6":{"name":"(anonymous_6)","decl":{"start":{"line":117,"column":4},"end":{"line":117,"column":5}},"loc":{"start":{"line":117,"column":10},"end":{"line":119,"column":5}},"line":117},"7":{"name":"(anonymous_7)","decl":{"start":{"line":122,"column":35},"end":{"line":122,"column":36}},"loc":{"start":{"line":122,"column":42},"end":{"line":130,"column":3}},"line":122},"8":{"name":"(anonymous_8)","decl":{"start":{"line":132,"column":33},"end":{"line":132,"column":34}},"loc":{"start":{"line":132,"column":40},"end":{"line":138,"column":3}},"line":132},"9":{"name":"(anonymous_9)","decl":{"start":{"line":140,"column":21},"end":{"line":140,"column":22}},"loc":{"start":{"line":140,"column":27},"end":{"line":254,"column":3}},"line":140},"10":{"name":"(anonymous_10)","decl":{"start":{"line":141,"column":16},"end":{"line":141,"column":17}},"loc":{"start":{"line":141,"column":22},"end":{"line":253,"column":5}},"line":141}},"branchMap":{"0":{"loc":{"start":{"line":95,"column":6},"end":{"line":95,"column":23}},"type":"if","locations":[{"start":{"line":95,"column":6},"end":{"line":95,"column":23}},{"start":{},"end":{}}],"line":95},"1":{"loc":{"start":{"line":123,"column":4},"end":{"line":129,"column":5}},"type":"if","locations":[{"start":{"line":123,"column":4},"end":{"line":129,"column":5}},{"start":{},"end":{}}],"line":123},"2":{"loc":{"start":{"line":133,"column":4},"end":{"line":137,"column":5}},"type":"if","locations":[{"start":{"line":133,"column":4},"end":{"line":137,"column":5}},{"start":{},"end":{}}],"line":133}},"s":{"0":0,"1":0,"2":0,"3":0,"4":0,"5":0,"6":0,"7":0,"8":0,"9":0,"10":0,"11":0,"12":0,"13":0,"14":0,"15":0,"16":0,"17":0,"18":0,"19":0,"20":0,"21":0,"22":0,"23":0,"24":0,"25":0,"26":0,"27":0,"28":0,"29":0,"30":0,"31":0,"32":0,"33":0,"34":0,"35":0,"36":0,"37":0,"38":0,"39":0,"40":0,"41":0,"42":0,"43":0,"44":0,"45":0,"46":0,"47":0,"48":0,"49":0,"50":0,"51":0,"52":0,"53":0,"54":0,"55":0,"56":0,"57":0,"58":0,"59":0,"60":0,"61":0,"62":0,"63":0,"64":0,"65":0},"f":{"0":0,"1":0,"2":0,"3":0,"4":0,"5":0,"6":0,"7":0,"8":0,"9":0,"10":0},"b":{"0":[0,0],"1":[0,0],"2":[0,0]}}
,"/home/matviei/Desktop/work/testForWebDev/src/js/components/Api.js": {"path":"/home/matviei/Desktop/work/testForWebDev/src/js/components/Api.js","statementMap":{"0":{"start":{"line":3,"column":4},"end":{"line":3,"column":19}},"1":{"start":{"line":4,"column":4},"end":{"line":4,"column":19}},"2":{"start":{"line":8,"column":4},"end":{"line":8,"column":40}},"3":{"start":{"line":12,"column":4},"end":{"line":12,"column":34}},"4":{"start":{"line":18,"column":4},"end":{"line":18,"column":22}},"5":{"start":{"line":22,"column":4},"end":{"line":28,"column":7}}},"fnMap":{"0":{"name":"(anonymous_0)","decl":{"start":{"line":2,"column":2},"end":{"line":2,"column":3}},"loc":{"start":{"line":2,"column":28},"end":{"line":5,"column":3}},"line":2},"1":{"name":"(anonymous_1)","decl":{"start":{"line":7,"column":2},"end":{"line":7,"column":3}},"loc":{"start":{"line":7,"column":14},"end":{"line":9,"column":3}},"line":7},"2":{"name":"(anonymous_2)","decl":{"start":{"line":11,"column":2},"end":{"line":11,"column":3}},"loc":{"start":{"line":11,"column":13},"end":{"line":13,"column":3}},"line":11},"3":{"name":"(anonymous_3)","decl":{"start":{"line":17,"column":2},"end":{"line":17,"column":3}},"loc":{"start":{"line":17,"column":11},"end":{"line":19,"column":3}},"line":17},"4":{"name":"(anonymous_4)","decl":{"start":{"line":21,"column":2},"end":{"line":21,"column":3}},"loc":{"start":{"line":21,"column":18},"end":{"line":29,"column":3}},"line":21}},"branchMap":{},"s":{"0":0,"1":0,"2":0,"3":0,"4":0,"5":0},"f":{"0":0,"1":0,"2":0,"3":0,"4":0},"b":{}}
,"/home/matviei/Desktop/work/testForWebDev/src/js/components/Info.js": {"path":"/home/matviei/Desktop/work/testForWebDev/src/js/components/Info.js","statementMap":{"0":{"start":{"line":3,"column":4},"end":{"line":3,"column":30}},"1":{"start":{"line":8,"column":22},"end":{"line":8,"column":24}},"2":{"start":{"line":11,"column":4},"end":{"line":11,"column":20}},"3":{"start":{"line":12,"column":4},"end":{"line":12,"column":22}},"4":{"start":{"line":14,"column":4},"end":{"line":16,"column":5}},"5":{"start":{"line":15,"column":6},"end":{"line":15,"column":13}},"6":{"start":{"line":20,"column":4},"end":{"line":20,"column":22}},"7":{"start":{"line":24,"column":4},"end":{"line":24,"column":21}},"8":{"start":{"line":28,"column":4},"end":{"line":28,"column":22}},"9":{"start":{"line":32,"column":4},"end":{"line":36,"column":5}},"10":{"start":{"line":33,"column":6},"end":{"line":33,"column":62}},"11":{"start":{"line":33,"column":27},"end":{"line":33,"column":60}},"12":{"start":{"line":35,"column":6},"end":{"line":35,"column":13}},"13":{"start":{"line":38,"column":4},"end":{"line":38,"column":36}},"14":{"start":{"line":43,"column":22},"end":{"line":43,"column":53}},"15":{"start":{"line":44,"column":12},"end":{"line":44,"column":55}},"16":{"start":{"line":45,"column":13},"end":{"line":45,"column":57}},"17":{"start":{"line":46,"column":22},"end":{"line":46,"column":71}},"18":{"start":{"line":48,"column":2},"end":{"line":48,"column":42}},"19":{"start":{"line":49,"column":2},"end":{"line":49,"column":27}},"20":{"start":{"line":50,"column":2},"end":{"line":50,"column":74}}},"fnMap":{"0":{"name":"(anonymous_0)","decl":{"start":{"line":2,"column":2},"end":{"line":2,"column":3}},"loc":{"start":{"line":2,"column":24},"end":{"line":4,"column":3}},"line":2},"1":{"name":"(anonymous_1)","decl":{"start":{"line":10,"column":2},"end":{"line":10,"column":3}},"loc":{"start":{"line":10,"column":21},"end":{"line":17,"column":3}},"line":10},"2":{"name":"(anonymous_2)","decl":{"start":{"line":19,"column":2},"end":{"line":19,"column":3}},"loc":{"start":{"line":19,"column":12},"end":{"line":21,"column":3}},"line":19},"3":{"name":"(anonymous_3)","decl":{"start":{"line":23,"column":2},"end":{"line":23,"column":3}},"loc":{"start":{"line":23,"column":11},"end":{"line":25,"column":3}},"line":23},"4":{"name":"(anonymous_4)","decl":{"start":{"line":27,"column":2},"end":{"line":27,"column":3}},"loc":{"start":{"line":27,"column":19},"end":{"line":29,"column":3}},"line":27},"5":{"name":"(anonymous_5)","decl":{"start":{"line":31,"column":2},"end":{"line":31,"column":3}},"loc":{"start":{"line":31,"column":15},"end":{"line":39,"column":3}},"line":31},"6":{"name":"(anonymous_6)","decl":{"start":{"line":33,"column":17},"end":{"line":33,"column":18}},"loc":{"start":{"line":33,"column":27},"end":{"line":33,"column":60}},"line":33},"7":{"name":"serverInfoChangeDesc","decl":{"start":{"line":42,"column":9},"end":{"line":42,"column":29}},"loc":{"start":{"line":42,"column":61},"end":{"line":51,"column":1}},"line":42}},"branchMap":{"0":{"loc":{"start":{"line":32,"column":4},"end":{"line":36,"column":5}},"type":"if","locations":[{"start":{"line":32,"column":4},"end":{"line":36,"column":5}},{"start":{},"end":{}}],"line":32}},"s":{"0":0,"1":0,"2":0,"3":0,"4":0,"5":0,"6":0,"7":0,"8":0,"9":0,"10":0,"11":0,"12":0,"13":0,"14":0,"15":0,"16":0,"17":0,"18":0,"19":0,"20":0},"f":{"0":0,"1":0,"2":0,"3":0,"4":0,"5":0,"6":0,"7":0},"b":{"0":[0,0]}}
,"/home/matviei/Desktop/work/testForWebDev/src/js/components/Search.js": {"path":"/home/matviei/Desktop/work/testForWebDev/src/js/components/Search.js","statementMap":{"0":{"start":{"line":10,"column":4},"end":{"line":11,"column":71}},"1":{"start":{"line":12,"column":4},"end":{"line":13,"column":79}},"2":{"start":{"line":14,"column":4},"end":{"line":15,"column":69}},"3":{"start":{"line":16,"column":4},"end":{"line":16,"column":65}},"4":{"start":{"line":25,"column":4},"end":{"line":25,"column":55}},"5":{"start":{"line":25,"column":22},"end":{"line":25,"column":55}},"6":{"start":{"line":27,"column":4},"end":{"line":27,"column":63}},"7":{"start":{"line":27,"column":26},"end":{"line":27,"column":63}},"8":{"start":{"line":29,"column":4},"end":{"line":29,"column":77}},"9":{"start":{"line":29,"column":33},"end":{"line":29,"column":77}},"10":{"start":{"line":31,"column":4},"end":{"line":31,"column":59}},"11":{"start":{"line":31,"column":24},"end":{"line":31,"column":59}},"12":{"start":{"line":33,"column":4},"end":{"line":33,"column":78}},"13":{"start":{"line":35,"column":19},"end":{"line":37,"column":6}},"14":{"start":{"line":36,"column":6},"end":{"line":36,"column":80}},"15":{"start":{"line":39,"column":4},"end":{"line":41,"column":7}},"16":{"start":{"line":43,"column":4},"end":{"line":45,"column":7}},"17":{"start":{"line":44,"column":6},"end":{"line":44,"column":42}},"18":{"start":{"line":49,"column":4},"end":{"line":49,"column":22}},"19":{"start":{"line":53,"column":4},"end":{"line":53,"column":22}},"20":{"start":{"line":57,"column":4},"end":{"line":57,"column":26}},"21":{"start":{"line":61,"column":4},"end":{"line":65,"column":5}},"22":{"start":{"line":62,"column":6},"end":{"line":62,"column":63}},"23":{"start":{"line":62,"column":42},"end":{"line":62,"column":61}},"24":{"start":{"line":64,"column":6},"end":{"line":64,"column":13}},"25":{"start":{"line":67,"column":4},"end":{"line":75,"column":7}},"26":{"start":{"line":68,"column":20},"end":{"line":68,"column":68}},"27":{"start":{"line":70,"column":6},"end":{"line":74,"column":7}},"28":{"start":{"line":71,"column":8},"end":{"line":71,"column":28}},"29":{"start":{"line":73,"column":8},"end":{"line":73,"column":28}},"30":{"start":{"line":79,"column":4},"end":{"line":79,"column":42}},"31":{"start":{"line":80,"column":4},"end":{"line":80,"column":26}},"32":{"start":{"line":84,"column":4},"end":{"line":84,"column":43}},"33":{"start":{"line":85,"column":4},"end":{"line":85,"column":26}},"34":{"start":{"line":90,"column":2},"end":{"line":90,"column":23}},"35":{"start":{"line":90,"column":16},"end":{"line":90,"column":23}},"36":{"start":{"line":92,"column":2},"end":{"line":92,"column":33}},"37":{"start":{"line":96,"column":2},"end":{"line":96,"column":23}},"38":{"start":{"line":96,"column":16},"end":{"line":96,"column":23}},"39":{"start":{"line":98,"column":2},"end":{"line":98,"column":34}},"40":{"start":{"line":102,"column":2},"end":{"line":102,"column":59}},"41":{"start":{"line":102,"column":16},"end":{"line":102,"column":59}},"42":{"start":{"line":104,"column":2},"end":{"line":104,"column":65}},"43":{"start":{"line":104,"column":19},"end":{"line":104,"column":65}},"44":{"start":{"line":106,"column":2},"end":{"line":106,"column":73}},"45":{"start":{"line":106,"column":35},"end":{"line":106,"column":73}},"46":{"start":{"line":108,"column":2},"end":{"line":108,"column":79}},"47":{"start":{"line":108,"column":38},"end":{"line":108,"column":79}},"48":{"start":{"line":110,"column":2},"end":{"line":117,"column":3}},"49":{"start":{"line":114,"column":4},"end":{"line":114,"column":16}},"50":{"start":{"line":116,"column":4},"end":{"line":116,"column":17}}},"fnMap":{"0":{"name":"(anonymous_0)","decl":{"start":{"line":2,"column":2},"end":{"line":2,"column":3}},"loc":{"start":{"line":9,"column":4},"end":{"line":17,"column":3}},"line":9},"1":{"name":"(anonymous_1)","decl":{"start":{"line":24,"column":2},"end":{"line":24,"column":3}},"loc":{"start":{"line":24,"column":9},"end":{"line":46,"column":3}},"line":24},"2":{"name":"(anonymous_2)","decl":{"start":{"line":35,"column":40},"end":{"line":35,"column":41}},"loc":{"start":{"line":35,"column":46},"end":{"line":37,"column":5}},"line":35},"3":{"name":"(anonymous_3)","decl":{"start":{"line":43,"column":42},"end":{"line":43,"column":43}},"loc":{"start":{"line":43,"column":49},"end":{"line":45,"column":5}},"line":43},"4":{"name":"(anonymous_4)","decl":{"start":{"line":48,"column":2},"end":{"line":48,"column":3}},"loc":{"start":{"line":48,"column":14},"end":{"line":50,"column":3}},"line":48},"5":{"name":"(anonymous_5)","decl":{"start":{"line":52,"column":2},"end":{"line":52,"column":3}},"loc":{"start":{"line":52,"column":14},"end":{"line":54,"column":3}},"line":52},"6":{"name":"(anonymous_6)","decl":{"start":{"line":56,"column":2},"end":{"line":56,"column":3}},"loc":{"start":{"line":56,"column":20},"end":{"line":58,"column":3}},"line":56},"7":{"name":"(anonymous_7)","decl":{"start":{"line":60,"column":2},"end":{"line":60,"column":3}},"loc":{"start":{"line":60,"column":17},"end":{"line":76,"column":3}},"line":60},"8":{"name":"(anonymous_8)","decl":{"start":{"line":62,"column":29},"end":{"line":62,"column":30}},"loc":{"start":{"line":62,"column":42},"end":{"line":62,"column":61}},"line":62},"9":{"name":"(anonymous_9)","decl":{"start":{"line":67,"column":27},"end":{"line":67,"column":28}},"loc":{"start":{"line":67,"column":40},"end":{"line":75,"column":5}},"line":67},"10":{"name":"(anonymous_10)","decl":{"start":{"line":78,"column":2},"end":{"line":78,"column":3}},"loc":{"start":{"line":78,"column":17},"end":{"line":81,"column":3}},"line":78},"11":{"name":"(anonymous_11)","decl":{"start":{"line":83,"column":2},"end":{"line":83,"column":3}},"loc":{"start":{"line":83,"column":17},"end":{"line":86,"column":3}},"line":83},"12":{"name":"hideElementTable","decl":{"start":{"line":89,"column":9},"end":{"line":89,"column":25}},"loc":{"start":{"line":89,"column":42},"end":{"line":93,"column":1}},"line":89},"13":{"name":"showElementTable","decl":{"start":{"line":95,"column":9},"end":{"line":95,"column":25}},"loc":{"start":{"line":95,"column":42},"end":{"line":99,"column":1}},"line":95},"14":{"name":"tableElementsComparison","decl":{"start":{"line":101,"column":9},"end":{"line":101,"column":32}},"loc":{"start":{"line":101,"column":68},"end":{"line":118,"column":1}},"line":101}},"branchMap":{"0":{"loc":{"start":{"line":3,"column":4},"end":{"line":8,"column":12}},"type":"default-arg","locations":[{"start":{"line":8,"column":8},"end":{"line":8,"column":12}}],"line":3},"1":{"loc":{"start":{"line":4,"column":6},"end":{"line":4,"column":18}},"type":"default-arg","locations":[{"start":{"line":4,"column":14},"end":{"line":4,"column":18}}],"line":4},"2":{"loc":{"start":{"line":5,"column":6},"end":{"line":5,"column":22}},"type":"default-arg","locations":[{"start":{"line":5,"column":18},"end":{"line":5,"column":22}}],"line":5},"3":{"loc":{"start":{"line":6,"column":6},"end":{"line":6,"column":29}},"type":"default-arg","locations":[{"start":{"line":6,"column":25},"end":{"line":6,"column":29}}],"line":6},"4":{"loc":{"start":{"line":7,"column":6},"end":{"line":7,"column":20}},"type":"default-arg","locations":[{"start":{"line":7,"column":16},"end":{"line":7,"column":20}}],"line":7},"5":{"loc":{"start":{"line":11,"column":6},"end":{"line":11,"column":70}},"type":"cond-expr","locations":[{"start":{"line":11,"column":34},"end":{"line":11,"column":63}},{"start":{"line":11,"column":66},"end":{"line":11,"column":70}}],"line":11},"6":{"loc":{"start":{"line":13,"column":6},"end":{"line":13,"column":78}},"type":"cond-expr","locations":[{"start":{"line":13,"column":38},"end":{"line":13,"column":71}},{"start":{"line":13,"column":74},"end":{"line":13,"column":78}}],"line":13},"7":{"loc":{"start":{"line":15,"column":6},"end":{"line":15,"column":68}},"type":"cond-expr","locations":[{"start":{"line":15,"column":45},"end":{"line":15,"column":61}},{"start":{"line":15,"column":64},"end":{"line":15,"column":68}}],"line":15},"8":{"loc":{"start":{"line":16,"column":20},"end":{"line":16,"column":64}},"type":"cond-expr","locations":[{"start":{"line":16,"column":50},"end":{"line":16,"column":57}},{"start":{"line":16,"column":60},"end":{"line":16,"column":64}}],"line":16},"9":{"loc":{"start":{"line":25,"column":4},"end":{"line":25,"column":55}},"type":"if","locations":[{"start":{"line":25,"column":4},"end":{"line":25,"column":55}},{"start":{},"end":{}}],"line":25},"10":{"loc":{"start":{"line":27,"column":4},"end":{"line":27,"column":63}},"type":"if","locations":[{"start":{"line":27,"column":4},"end":{"line":27,"column":63}},{"start":{},"end":{}}],"line":27},"11":{"loc":{"start":{"line":29,"column":4},"end":{"line":29,"column":77}},"type":"if","locations":[{"start":{"line":29,"column":4},"end":{"line":29,"column":77}},{"start":{},"end":{}}],"line":29},"12":{"loc":{"start":{"line":31,"column":4},"end":{"line":31,"column":59}},"type":"if","locations":[{"start":{"line":31,"column":4},"end":{"line":31,"column":59}},{"start":{},"end":{}}],"line":31},"13":{"loc":{"start":{"line":61,"column":4},"end":{"line":65,"column":5}},"type":"if","locations":[{"start":{"line":61,"column":4},"end":{"line":65,"column":5}},{"start":{},"end":{}}],"line":61},"14":{"loc":{"start":{"line":70,"column":6},"end":{"line":74,"column":7}},"type":"if","locations":[{"start":{"line":70,"column":6},"end":{"line":74,"column":7}},{"start":{"line":72,"column":13},"end":{"line":74,"column":7}}],"line":70},"15":{"loc":{"start":{"line":89,"column":26},"end":{"line":89,"column":40}},"type":"default-arg","locations":[{"start":{"line":89,"column":36},"end":{"line":89,"column":40}}],"line":89},"16":{"loc":{"start":{"line":90,"column":2},"end":{"line":90,"column":23}},"type":"if","locations":[{"start":{"line":90,"column":2},"end":{"line":90,"column":23}},{"start":{},"end":{}}],"line":90},"17":{"loc":{"start":{"line":95,"column":26},"end":{"line":95,"column":40}},"type":"default-arg","locations":[{"start":{"line":95,"column":36},"end":{"line":95,"column":40}}],"line":95},"18":{"loc":{"start":{"line":96,"column":2},"end":{"line":96,"column":23}},"type":"if","locations":[{"start":{"line":96,"column":2},"end":{"line":96,"column":23}},{"start":{},"end":{}}],"line":96},"19":{"loc":{"start":{"line":101,"column":33},"end":{"line":101,"column":47}},"type":"default-arg","locations":[{"start":{"line":101,"column":43},"end":{"line":101,"column":47}}],"line":101},"20":{"loc":{"start":{"line":101,"column":49},"end":{"line":101,"column":66}},"type":"default-arg","locations":[{"start":{"line":101,"column":62},"end":{"line":101,"column":66}}],"line":101},"21":{"loc":{"start":{"line":102,"column":2},"end":{"line":102,"column":59}},"type":"if","locations":[{"start":{"line":102,"column":2},"end":{"line":102,"column":59}},{"start":{},"end":{}}],"line":102},"22":{"loc":{"start":{"line":104,"column":2},"end":{"line":104,"column":65}},"type":"if","locations":[{"start":{"line":104,"column":2},"end":{"line":104,"column":65}},{"start":{},"end":{}}],"line":104},"23":{"loc":{"start":{"line":106,"column":2},"end":{"line":106,"column":73}},"type":"if","locations":[{"start":{"line":106,"column":2},"end":{"line":106,"column":73}},{"start":{},"end":{}}],"line":106},"24":{"loc":{"start":{"line":108,"column":2},"end":{"line":108,"column":79}},"type":"if","locations":[{"start":{"line":108,"column":2},"end":{"line":108,"column":79}},{"start":{},"end":{}}],"line":108},"25":{"loc":{"start":{"line":110,"column":2},"end":{"line":117,"column":3}},"type":"if","locations":[{"start":{"line":110,"column":2},"end":{"line":117,"column":3}},{"start":{"line":115,"column":9},"end":{"line":117,"column":3}}],"line":110}},"s":{"0":4,"1":4,"2":4,"3":4,"4":4,"5":2,"6":2,"7":0,"8":2,"9":0,"10":2,"11":0,"12":2,"13":2,"14":0,"15":2,"16":2,"17":1,"18":1,"19":1,"20":1,"21":1,"22":0,"23":0,"24":0,"25":1,"26":2,"27":2,"28":1,"29":1,"30":1,"31":1,"32":1,"33":1,"34":1,"35":0,"36":1,"37":1,"38":0,"39":1,"40":8,"41":1,"42":7,"43":0,"44":7,"45":1,"46":6,"47":0,"48":6,"49":4,"50":2},"f":{"0":4,"1":4,"2":0,"3":1,"4":1,"5":1,"6":1,"7":1,"8":0,"9":2,"10":1,"11":1,"12":1,"13":1,"14":8},"b":{"0":[0],"1":[1],"2":[1],"3":[1],"4":[1],"5":[2,2],"6":[2,2],"7":[2,2],"8":[2,2],"9":[2,2],"10":[0,2],"11":[0,2],"12":[0,2],"13":[0,1],"14":[1,1],"15":[0],"16":[0,1],"17":[0],"18":[0,1],"19":[1],"20":[1],"21":[1,7],"22":[0,7],"23":[1,6],"24":[0,6],"25":[4,2]},"_coverageSchema":"1a1c01bbd47fc00a2c39e90264f33305004495a9","hash":"0cec51f1b13f276c8b5ae69bde7bcb57a6a3201d"}
,"/home/matviei/Desktop/work/testForWebDev/src/js/components/Settings.js": {"path":"/home/matviei/Desktop/work/testForWebDev/src/js/components/Settings.js","statementMap":{"0":{"start":{"line":1,"column":15},"end":{"line":4,"column":1}}},"fnMap":{},"branchMap":{},"s":{"0":0},"f":{},"b":{}}
,"/home/matviei/Desktop/work/testForWebDev/src/js/components/Storage.js": {"path":"/home/matviei/Desktop/work/testForWebDev/src/js/components/Storage.js","statementMap":{"0":{"start":{"line":2,"column":15},"end":{"line":2,"column":17}},"1":{"start":{"line":3,"column":20},"end":{"line":3,"column":22}},"2":{"start":{"line":4,"column":20},"end":{"line":4,"column":22}},"3":{"start":{"line":5,"column":10},"end":{"line":23,"column":3}},"4":{"start":{"line":11,"column":22},"end":{"line":11,"column":63}},"5":{"start":{"line":12,"column":21},"end":{"line":12,"column":50}},"6":{"start":{"line":14,"column":8},"end":{"line":18,"column":9}},"7":{"start":{"line":15,"column":10},"end":{"line":17,"column":11}},"8":{"start":{"line":16,"column":12},"end":{"line":16,"column":19}},"9":{"start":{"line":20,"column":8},"end":{"line":20,"column":23}},"10":{"start":{"line":26,"column":4},"end":{"line":26,"column":53}},"11":{"start":{"line":26,"column":14},"end":{"line":26,"column":53}},"12":{"start":{"line":28,"column":4},"end":{"line":28,"column":55}},"13":{"start":{"line":28,"column":15},"end":{"line":28,"column":55}},"14":{"start":{"line":30,"column":4},"end":{"line":30,"column":76}},"15":{"start":{"line":30,"column":33},"end":{"line":30,"column":76}},"16":{"start":{"line":32,"column":4},"end":{"line":32,"column":52}},"17":{"start":{"line":32,"column":20},"end":{"line":32,"column":52}},"18":{"start":{"line":34,"column":25},"end":{"line":34,"column":52}},"19":{"start":{"line":35,"column":23},"end":{"line":35,"column":60}},"20":{"start":{"line":37,"column":4},"end":{"line":37,"column":37}},"21":{"start":{"line":41,"column":4},"end":{"line":41,"column":27}},"22":{"start":{"line":45,"column":4},"end":{"line":45,"column":53}},"23":{"start":{"line":45,"column":14},"end":{"line":45,"column":53}},"24":{"start":{"line":47,"column":4},"end":{"line":47,"column":51}},"25":{"start":{"line":47,"column":13},"end":{"line":47,"column":51}},"26":{"start":{"line":49,"column":4},"end":{"line":49,"column":76}},"27":{"start":{"line":49,"column":33},"end":{"line":49,"column":76}},"28":{"start":{"line":51,"column":4},"end":{"line":51,"column":76}},"29":{"start":{"line":51,"column":34},"end":{"line":51,"column":76}},"30":{"start":{"line":53,"column":4},"end":{"line":53,"column":52}},"31":{"start":{"line":53,"column":20},"end":{"line":53,"column":52}},"32":{"start":{"line":55,"column":4},"end":{"line":55,"column":35}},"33":{"start":{"line":59,"column":4},"end":{"line":59,"column":53}},"34":{"start":{"line":59,"column":14},"end":{"line":59,"column":53}},"35":{"start":{"line":61,"column":4},"end":{"line":61,"column":51}},"36":{"start":{"line":61,"column":13},"end":{"line":61,"column":51}},"37":{"start":{"line":63,"column":4},"end":{"line":63,"column":76}},"38":{"start":{"line":63,"column":33},"end":{"line":63,"column":76}},"39":{"start":{"line":65,"column":4},"end":{"line":65,"column":76}},"40":{"start":{"line":65,"column":34},"end":{"line":65,"column":76}},"41":{"start":{"line":67,"column":4},"end":{"line":67,"column":52}},"42":{"start":{"line":67,"column":20},"end":{"line":67,"column":52}},"43":{"start":{"line":69,"column":4},"end":{"line":69,"column":35}},"44":{"start":{"line":73,"column":4},"end":{"line":75,"column":5}},"45":{"start":{"line":74,"column":6},"end":{"line":74,"column":45}},"46":{"start":{"line":77,"column":4},"end":{"line":77,"column":16}},"47":{"start":{"line":81,"column":4},"end":{"line":83,"column":5}},"48":{"start":{"line":82,"column":6},"end":{"line":82,"column":45}},"49":{"start":{"line":85,"column":4},"end":{"line":85,"column":16}},"50":{"start":{"line":89,"column":4},"end":{"line":89,"column":53}},"51":{"start":{"line":89,"column":14},"end":{"line":89,"column":53}},"52":{"start":{"line":91,"column":4},"end":{"line":91,"column":52}},"53":{"start":{"line":91,"column":13},"end":{"line":91,"column":52}},"54":{"start":{"line":93,"column":4},"end":{"line":93,"column":76}},"55":{"start":{"line":93,"column":33},"end":{"line":93,"column":76}},"56":{"start":{"line":95,"column":4},"end":{"line":96,"column":48}},"57":{"start":{"line":96,"column":6},"end":{"line":96,"column":48}},"58":{"start":{"line":98,"column":4},"end":{"line":98,"column":52}},"59":{"start":{"line":98,"column":20},"end":{"line":98,"column":52}},"60":{"start":{"line":100,"column":4},"end":{"line":100,"column":76}},"61":{"start":{"line":100,"column":26},"end":{"line":100,"column":76}},"62":{"start":{"line":102,"column":4},"end":{"line":104,"column":5}},"63":{"start":{"line":103,"column":6},"end":{"line":103,"column":32}},"64":{"start":{"line":106,"column":4},"end":{"line":110,"column":5}},"65":{"start":{"line":107,"column":6},"end":{"line":107,"column":39}},"66":{"start":{"line":109,"column":6},"end":{"line":109,"column":13}},"67":{"start":{"line":112,"column":4},"end":{"line":112,"column":34}},"68":{"start":{"line":116,"column":4},"end":{"line":116,"column":9}}},"fnMap":{"0":{"name":"(anonymous_0)","decl":{"start":{"line":10,"column":6},"end":{"line":10,"column":7}},"loc":{"start":{"line":10,"column":40},"end":{"line":21,"column":7}},"line":10},"1":{"name":"(anonymous_1)","decl":{"start":{"line":25,"column":2},"end":{"line":25,"column":3}},"loc":{"start":{"line":25,"column":35},"end":{"line":38,"column":3}},"line":25},"2":{"name":"(anonymous_2)","decl":{"start":{"line":40,"column":2},"end":{"line":40,"column":3}},"loc":{"start":{"line":40,"column":20},"end":{"line":42,"column":3}},"line":40},"3":{"name":"(anonymous_3)","decl":{"start":{"line":44,"column":2},"end":{"line":44,"column":3}},"loc":{"start":{"line":44,"column":39},"end":{"line":56,"column":3}},"line":44},"4":{"name":"(anonymous_4)","decl":{"start":{"line":58,"column":2},"end":{"line":58,"column":3}},"loc":{"start":{"line":58,"column":25},"end":{"line":70,"column":3}},"line":58},"5":{"name":"(anonymous_5)","decl":{"start":{"line":72,"column":2},"end":{"line":72,"column":3}},"loc":{"start":{"line":72,"column":25},"end":{"line":78,"column":3}},"line":72},"6":{"name":"(anonymous_6)","decl":{"start":{"line":80,"column":2},"end":{"line":80,"column":3}},"loc":{"start":{"line":80,"column":25},"end":{"line":86,"column":3}},"line":80},"7":{"name":"(anonymous_7)","decl":{"start":{"line":88,"column":2},"end":{"line":88,"column":3}},"loc":{"start":{"line":88,"column":34},"end":{"line":113,"column":3}},"line":88},"8":{"name":"(anonymous_8)","decl":{"start":{"line":115,"column":2},"end":{"line":115,"column":3}},"loc":{"start":{"line":115,"column":17},"end":{"line":117,"column":3}},"line":115}},"branchMap":{"0":{"loc":{"start":{"line":14,"column":8},"end":{"line":18,"column":9}},"type":"if","locations":[{"start":{"line":14,"column":8},"end":{"line":18,"column":9}},{"start":{},"end":{}}],"line":14},"1":{"loc":{"start":{"line":25,"column":10},"end":{"line":25,"column":20}},"type":"default-arg","locations":[{"start":{"line":25,"column":16},"end":{"line":25,"column":20}}],"line":25},"2":{"loc":{"start":{"line":25,"column":22},"end":{"line":25,"column":33}},"type":"default-arg","locations":[{"start":{"line":25,"column":29},"end":{"line":25,"column":33}}],"line":25},"3":{"loc":{"start":{"line":26,"column":4},"end":{"line":26,"column":53}},"type":"if","locations":[{"start":{"line":26,"column":4},"end":{"line":26,"column":53}},{"start":{},"end":{}}],"line":26},"4":{"loc":{"start":{"line":28,"column":4},"end":{"line":28,"column":55}},"type":"if","locations":[{"start":{"line":28,"column":4},"end":{"line":28,"column":55}},{"start":{},"end":{}}],"line":28},"5":{"loc":{"start":{"line":30,"column":4},"end":{"line":30,"column":76}},"type":"if","locations":[{"start":{"line":30,"column":4},"end":{"line":30,"column":76}},{"start":{},"end":{}}],"line":30},"6":{"loc":{"start":{"line":32,"column":4},"end":{"line":32,"column":52}},"type":"if","locations":[{"start":{"line":32,"column":4},"end":{"line":32,"column":52}},{"start":{},"end":{}}],"line":32},"7":{"loc":{"start":{"line":40,"column":10},"end":{"line":40,"column":18}},"type":"default-arg","locations":[{"start":{"line":40,"column":16},"end":{"line":40,"column":18}}],"line":40},"8":{"loc":{"start":{"line":44,"column":16},"end":{"line":44,"column":26}},"type":"default-arg","locations":[{"start":{"line":44,"column":22},"end":{"line":44,"column":26}}],"line":44},"9":{"loc":{"start":{"line":44,"column":28},"end":{"line":44,"column":37}},"type":"default-arg","locations":[{"start":{"line":44,"column":33},"end":{"line":44,"column":37}}],"line":44},"10":{"loc":{"start":{"line":45,"column":4},"end":{"line":45,"column":53}},"type":"if","locations":[{"start":{"line":45,"column":4},"end":{"line":45,"column":53}},{"start":{},"end":{}}],"line":45},"11":{"loc":{"start":{"line":47,"column":4},"end":{"line":47,"column":51}},"type":"if","locations":[{"start":{"line":47,"column":4},"end":{"line":47,"column":51}},{"start":{},"end":{}}],"line":47},"12":{"loc":{"start":{"line":49,"column":4},"end":{"line":49,"column":76}},"type":"if","locations":[{"start":{"line":49,"column":4},"end":{"line":49,"column":76}},{"start":{},"end":{}}],"line":49},"13":{"loc":{"start":{"line":51,"column":4},"end":{"line":51,"column":76}},"type":"if","locations":[{"start":{"line":51,"column":4},"end":{"line":51,"column":76}},{"start":{},"end":{}}],"line":51},"14":{"loc":{"start":{"line":53,"column":4},"end":{"line":53,"column":52}},"type":"if","locations":[{"start":{"line":53,"column":4},"end":{"line":53,"column":52}},{"start":{},"end":{}}],"line":53},"15":{"loc":{"start":{"line":59,"column":4},"end":{"line":59,"column":53}},"type":"if","locations":[{"start":{"line":59,"column":4},"end":{"line":59,"column":53}},{"start":{},"end":{}}],"line":59},"16":{"loc":{"start":{"line":61,"column":4},"end":{"line":61,"column":51}},"type":"if","locations":[{"start":{"line":61,"column":4},"end":{"line":61,"column":51}},{"start":{},"end":{}}],"line":61},"17":{"loc":{"start":{"line":63,"column":4},"end":{"line":63,"column":76}},"type":"if","locations":[{"start":{"line":63,"column":4},"end":{"line":63,"column":76}},{"start":{},"end":{}}],"line":63},"18":{"loc":{"start":{"line":65,"column":4},"end":{"line":65,"column":76}},"type":"if","locations":[{"start":{"line":65,"column":4},"end":{"line":65,"column":76}},{"start":{},"end":{}}],"line":65},"19":{"loc":{"start":{"line":67,"column":4},"end":{"line":67,"column":52}},"type":"if","locations":[{"start":{"line":67,"column":4},"end":{"line":67,"column":52}},{"start":{},"end":{}}],"line":67},"20":{"loc":{"start":{"line":73,"column":4},"end":{"line":75,"column":5}},"type":"if","locations":[{"start":{"line":73,"column":4},"end":{"line":75,"column":5}},{"start":{},"end":{}}],"line":73},"21":{"loc":{"start":{"line":81,"column":4},"end":{"line":83,"column":5}},"type":"if","locations":[{"start":{"line":81,"column":4},"end":{"line":83,"column":5}},{"start":{},"end":{}}],"line":81},"22":{"loc":{"start":{"line":88,"column":11},"end":{"line":88,"column":21}},"type":"default-arg","locations":[{"start":{"line":88,"column":17},"end":{"line":88,"column":21}}],"line":88},"23":{"loc":{"start":{"line":88,"column":23},"end":{"line":88,"column":32}},"type":"default-arg","locations":[{"start":{"line":88,"column":28},"end":{"line":88,"column":32}}],"line":88},"24":{"loc":{"start":{"line":89,"column":4},"end":{"line":89,"column":53}},"type":"if","locations":[{"start":{"line":89,"column":4},"end":{"line":89,"column":53}},{"start":{},"end":{}}],"line":89},"25":{"loc":{"start":{"line":91,"column":4},"end":{"line":91,"column":52}},"type":"if","locations":[{"start":{"line":91,"column":4},"end":{"line":91,"column":52}},{"start":{},"end":{}}],"line":91},"26":{"loc":{"start":{"line":93,"column":4},"end":{"line":93,"column":76}},"type":"if","locations":[{"start":{"line":93,"column":4},"end":{"line":93,"column":76}},{"start":{},"end":{}}],"line":93},"27":{"loc":{"start":{"line":95,"column":4},"end":{"line":96,"column":48}},"type":"if","locations":[{"start":{"line":95,"column":4},"end":{"line":96,"column":48}},{"start":{},"end":{}}],"line":95},"28":{"loc":{"start":{"line":95,"column":8},"end":{"line":95,"column":54}},"type":"binary-expr","locations":[{"start":{"line":95,"column":8},"end":{"line":95,"column":26}},{"start":{"line":95,"column":30},"end":{"line":95,"column":54}}],"line":95},"29":{"loc":{"start":{"line":98,"column":4},"end":{"line":98,"column":52}},"type":"if","locations":[{"start":{"line":98,"column":4},"end":{"line":98,"column":52}},{"start":{},"end":{}}],"line":98},"30":{"loc":{"start":{"line":100,"column":4},"end":{"line":100,"column":76}},"type":"if","locations":[{"start":{"line":100,"column":4},"end":{"line":100,"column":76}},{"start":{},"end":{}}],"line":100},"31":{"loc":{"start":{"line":102,"column":4},"end":{"line":104,"column":5}},"type":"if","locations":[{"start":{"line":102,"column":4},"end":{"line":104,"column":5}},{"start":{},"end":{}}],"line":102},"32":{"loc":{"start":{"line":106,"column":4},"end":{"line":110,"column":5}},"type":"if","locations":[{"start":{"line":106,"column":4},"end":{"line":110,"column":5}},{"start":{},"end":{}}],"line":106}},"s":{"0":24,"1":24,"2":24,"3":24,"4":11,"5":11,"6":11,"7":1,"8":1,"9":11,"10":14,"11":1,"12":13,"13":1,"14":12,"15":1,"16":11,"17":0,"18":11,"19":11,"20":11,"21":5,"22":5,"23":1,"24":4,"25":1,"26":3,"27":1,"28":2,"29":1,"30":1,"31":0,"32":1,"33":5,"34":1,"35":4,"36":1,"37":3,"38":1,"39":2,"40":1,"41":1,"42":0,"43":1,"44":11,"45":1,"46":10,"47":11,"48":1,"49":10,"50":6,"51":1,"52":5,"53":1,"54":4,"55":1,"56":3,"57":1,"58":2,"59":0,"60":2,"61":1,"62":1,"63":1,"64":1,"65":0,"66":0,"67":1,"68":0},"f":{"0":11,"1":14,"2":5,"3":5,"4":5,"5":11,"6":11,"7":6,"8":0},"b":{"0":[1,10],"1":[0],"2":[1],"3":[1,13],"4":[1,12],"5":[1,11],"6":[0,11],"7":[1],"8":[0],"9":[1],"10":[1,4],"11":[1,3],"12":[1,2],"13":[1,1],"14":[0,1],"15":[1,4],"16":[1,3],"17":[1,2],"18":[1,1],"19":[0,1],"20":[1,10],"21":[1,10],"22":[0],"23":[1],"24":[1,5],"25":[1,4],"26":[1,3],"27":[1,2],"28":[3,3],"29":[0,2],"30":[1,1],"31":[1,0],"32":[0,1]},"_coverageSchema":"1a1c01bbd47fc00a2c39e90264f33305004495a9","hash":"cea4c6eaf6ebaef0a006fb30e41f755158cb0115"}
,"/home/matviei/Desktop/work/testForWebDev/src/js/components/TableElement.js": {"path":"/home/matviei/Desktop/work/testForWebDev/src/js/components/TableElement.js","statementMap":{"0":{"start":{"line":3,"column":4},"end":{"line":3,"column":46}},"1":{"start":{"line":7,"column":4},"end":{"line":7,"column":46}},"2":{"start":{"line":13,"column":4},"end":{"line":13,"column":55}},"3":{"start":{"line":13,"column":15},"end":{"line":13,"column":55}},"4":{"start":{"line":15,"column":40},"end":{"line":15,"column":44}},"5":{"start":{"line":17,"column":4},"end":{"line":26,"column":6}},"6":{"start":{"line":30,"column":4},"end":{"line":30,"column":61}},"7":{"start":{"line":30,"column":18},"end":{"line":30,"column":61}},"8":{"start":{"line":32,"column":4},"end":{"line":32,"column":55}},"9":{"start":{"line":32,"column":15},"end":{"line":32,"column":55}},"10":{"start":{"line":34,"column":34},"end":{"line":34,"column":38}},"11":{"start":{"line":36,"column":4},"end":{"line":36,"column":36}},"12":{"start":{"line":38,"column":4},"end":{"line":39,"column":38}},"13":{"start":{"line":45,"column":4},"end":{"line":45,"column":55}},"14":{"start":{"line":45,"column":15},"end":{"line":45,"column":55}},"15":{"start":{"line":47,"column":40},"end":{"line":47,"column":44}},"16":{"start":{"line":49,"column":4},"end":{"line":61,"column":6}},"17":{"start":{"line":65,"column":4},"end":{"line":65,"column":61}},"18":{"start":{"line":65,"column":18},"end":{"line":65,"column":61}},"19":{"start":{"line":67,"column":4},"end":{"line":67,"column":55}},"20":{"start":{"line":67,"column":15},"end":{"line":67,"column":55}},"21":{"start":{"line":69,"column":40},"end":{"line":69,"column":44}},"22":{"start":{"line":71,"column":4},"end":{"line":71,"column":28}},"23":{"start":{"line":72,"column":4},"end":{"line":72,"column":77}},"24":{"start":{"line":73,"column":4},"end":{"line":73,"column":79}},"25":{"start":{"line":74,"column":4},"end":{"line":75,"column":15}}},"fnMap":{"0":{"name":"(anonymous_0)","decl":{"start":{"line":2,"column":2},"end":{"line":2,"column":3}},"loc":{"start":{"line":2,"column":22},"end":{"line":4,"column":3}},"line":2},"1":{"name":"(anonymous_1)","decl":{"start":{"line":6,"column":2},"end":{"line":6,"column":3}},"loc":{"start":{"line":6,"column":28},"end":{"line":8,"column":3}},"line":6},"2":{"name":"(anonymous_2)","decl":{"start":{"line":12,"column":2},"end":{"line":12,"column":3}},"loc":{"start":{"line":12,"column":29},"end":{"line":27,"column":3}},"line":12},"3":{"name":"(anonymous_3)","decl":{"start":{"line":29,"column":2},"end":{"line":29,"column":3}},"loc":{"start":{"line":29,"column":45},"end":{"line":40,"column":3}},"line":29},"4":{"name":"(anonymous_4)","decl":{"start":{"line":44,"column":2},"end":{"line":44,"column":3}},"loc":{"start":{"line":44,"column":22},"end":{"line":62,"column":3}},"line":44},"5":{"name":"(anonymous_5)","decl":{"start":{"line":64,"column":2},"end":{"line":64,"column":3}},"loc":{"start":{"line":64,"column":31},"end":{"line":76,"column":3}},"line":64}},"branchMap":{"0":{"loc":{"start":{"line":12,"column":16},"end":{"line":12,"column":27}},"type":"default-arg","locations":[{"start":{"line":12,"column":23},"end":{"line":12,"column":27}}],"line":12},"1":{"loc":{"start":{"line":13,"column":4},"end":{"line":13,"column":55}},"type":"if","locations":[{"start":{"line":13,"column":4},"end":{"line":13,"column":55}},{"start":{},"end":{}}],"line":13},"2":{"loc":{"start":{"line":29,"column":16},"end":{"line":29,"column":30}},"type":"default-arg","locations":[{"start":{"line":29,"column":26},"end":{"line":29,"column":30}}],"line":29},"3":{"loc":{"start":{"line":29,"column":32},"end":{"line":29,"column":43}},"type":"default-arg","locations":[{"start":{"line":29,"column":39},"end":{"line":29,"column":43}}],"line":29},"4":{"loc":{"start":{"line":30,"column":4},"end":{"line":30,"column":61}},"type":"if","locations":[{"start":{"line":30,"column":4},"end":{"line":30,"column":61}},{"start":{},"end":{}}],"line":30},"5":{"loc":{"start":{"line":32,"column":4},"end":{"line":32,"column":55}},"type":"if","locations":[{"start":{"line":32,"column":4},"end":{"line":32,"column":55}},{"start":{},"end":{}}],"line":32},"6":{"loc":{"start":{"line":45,"column":4},"end":{"line":45,"column":55}},"type":"if","locations":[{"start":{"line":45,"column":4},"end":{"line":45,"column":55}},{"start":{},"end":{}}],"line":45},"7":{"loc":{"start":{"line":65,"column":4},"end":{"line":65,"column":61}},"type":"if","locations":[{"start":{"line":65,"column":4},"end":{"line":65,"column":61}},{"start":{},"end":{}}],"line":65},"8":{"loc":{"start":{"line":67,"column":4},"end":{"line":67,"column":55}},"type":"if","locations":[{"start":{"line":67,"column":4},"end":{"line":67,"column":55}},{"start":{},"end":{}}],"line":67}},"s":{"0":0,"1":0,"2":21,"3":1,"4":20,"5":20,"6":5,"7":1,"8":4,"9":0,"10":4,"11":4,"12":4,"13":3,"14":1,"15":2,"16":2,"17":2,"18":1,"19":1,"20":0,"21":1,"22":1,"23":1,"24":1,"25":1},"f":{"0":0,"1":0,"2":21,"3":5,"4":3,"5":2},"b":{"0":[1],"1":[1,20],"2":[1],"3":[1],"4":[1,4],"5":[0,4],"6":[1,2],"7":[1,1],"8":[0,1]},"_coverageSchema":"1a1c01bbd47fc00a2c39e90264f33305004495a9","hash":"1dea9fcdd9fd4e1aced33f3106845f9da5bc5968"}
,"/home/matviei/Desktop/work/testForWebDev/src/js/components/TableElements.js": {"path":"/home/matviei/Desktop/work/testForWebDev/src/js/components/TableElements.js","statementMap":{"0":{"start":{"line":3,"column":4},"end":{"line":4,"column":77}},"1":{"start":{"line":6,"column":4},"end":{"line":7,"column":77}},"2":{"start":{"line":11,"column":4},"end":{"line":11,"column":53}},"3":{"start":{"line":11,"column":20},"end":{"line":11,"column":53}},"4":{"start":{"line":13,"column":4},"end":{"line":13,"column":63}},"5":{"start":{"line":13,"column":25},"end":{"line":13,"column":63}},"6":{"start":{"line":17,"column":4},"end":{"line":17,"column":53}},"7":{"start":{"line":17,"column":15},"end":{"line":17,"column":53}},"8":{"start":{"line":19,"column":15},"end":{"line":19,"column":17}},"9":{"start":{"line":21,"column":4},"end":{"line":23,"column":5}},"10":{"start":{"line":22,"column":6},"end":{"line":22,"column":46}},"11":{"start":{"line":25,"column":4},"end":{"line":25,"column":34}},"12":{"start":{"line":26,"column":4},"end":{"line":26,"column":57}},"13":{"start":{"line":30,"column":4},"end":{"line":30,"column":53}},"14":{"start":{"line":30,"column":15},"end":{"line":30,"column":53}},"15":{"start":{"line":32,"column":4},"end":{"line":43,"column":7}},"16":{"start":{"line":33,"column":15},"end":{"line":33,"column":30}},"17":{"start":{"line":34,"column":19},"end":{"line":34,"column":27}},"18":{"start":{"line":36,"column":6},"end":{"line":40,"column":7}},"19":{"start":{"line":37,"column":8},"end":{"line":37,"column":22}},"20":{"start":{"line":39,"column":8},"end":{"line":39,"column":15}},"21":{"start":{"line":42,"column":6},"end":{"line":42,"column":46}},"22":{"start":{"line":45,"column":4},"end":{"line":51,"column":5}},"23":{"start":{"line":46,"column":20},"end":{"line":46,"column":70}},"24":{"start":{"line":48,"column":6},"end":{"line":50,"column":7}},"25":{"start":{"line":49,"column":8},"end":{"line":49,"column":38}},"26":{"start":{"line":55,"column":4},"end":{"line":55,"column":53}},"27":{"start":{"line":55,"column":15},"end":{"line":55,"column":53}},"28":{"start":{"line":57,"column":18},"end":{"line":57,"column":43}},"29":{"start":{"line":59,"column":4},"end":{"line":59,"column":60}},"30":{"start":{"line":63,"column":4},"end":{"line":63,"column":57}},"31":{"start":{"line":63,"column":16},"end":{"line":63,"column":57}},"32":{"start":{"line":65,"column":4},"end":{"line":65,"column":51}},"33":{"start":{"line":65,"column":13},"end":{"line":65,"column":51}},"34":{"start":{"line":67,"column":4},"end":{"line":67,"column":71}},"35":{"start":{"line":67,"column":35},"end":{"line":67,"column":71}},"36":{"start":{"line":69,"column":4},"end":{"line":69,"column":67}},"37":{"start":{"line":69,"column":34},"end":{"line":69,"column":67}},"38":{"start":{"line":71,"column":4},"end":{"line":71,"column":47}},"39":{"start":{"line":75,"column":4},"end":{"line":75,"column":41}}},"fnMap":{"0":{"name":"(anonymous_0)","decl":{"start":{"line":2,"column":2},"end":{"line":2,"column":3}},"loc":{"start":{"line":2,"column":52},"end":{"line":8,"column":3}},"line":2},"1":{"name":"(anonymous_1)","decl":{"start":{"line":10,"column":2},"end":{"line":10,"column":3}},"loc":{"start":{"line":10,"column":9},"end":{"line":14,"column":3}},"line":10},"2":{"name":"(anonymous_2)","decl":{"start":{"line":16,"column":2},"end":{"line":16,"column":3}},"loc":{"start":{"line":16,"column":34},"end":{"line":27,"column":3}},"line":16},"3":{"name":"(anonymous_3)","decl":{"start":{"line":29,"column":2},"end":{"line":29,"column":3}},"loc":{"start":{"line":29,"column":30},"end":{"line":52,"column":3}},"line":29},"4":{"name":"(anonymous_4)","decl":{"start":{"line":32,"column":57},"end":{"line":32,"column":58}},"loc":{"start":{"line":32,"column":67},"end":{"line":43,"column":5}},"line":32},"5":{"name":"(anonymous_5)","decl":{"start":{"line":54,"column":2},"end":{"line":54,"column":3}},"loc":{"start":{"line":54,"column":22},"end":{"line":60,"column":3}},"line":54},"6":{"name":"(anonymous_6)","decl":{"start":{"line":62,"column":2},"end":{"line":62,"column":3}},"loc":{"start":{"line":62,"column":33},"end":{"line":72,"column":3}},"line":62},"7":{"name":"(anonymous_7)","decl":{"start":{"line":74,"column":2},"end":{"line":74,"column":3}},"loc":{"start":{"line":74,"column":23},"end":{"line":76,"column":3}},"line":74}},"branchMap":{"0":{"loc":{"start":{"line":2,"column":14},"end":{"line":2,"column":50}},"type":"default-arg","locations":[{"start":{"line":2,"column":48},"end":{"line":2,"column":50}}],"line":2},"1":{"loc":{"start":{"line":2,"column":16},"end":{"line":2,"column":31}},"type":"default-arg","locations":[{"start":{"line":2,"column":27},"end":{"line":2,"column":31}}],"line":2},"2":{"loc":{"start":{"line":2,"column":33},"end":{"line":2,"column":43}},"type":"default-arg","locations":[{"start":{"line":2,"column":39},"end":{"line":2,"column":43}}],"line":2},"3":{"loc":{"start":{"line":4,"column":6},"end":{"line":4,"column":76}},"type":"cond-expr","locations":[{"start":{"line":4,"column":37},"end":{"line":4,"column":69}},{"start":{"line":4,"column":72},"end":{"line":4,"column":76}}],"line":4},"4":{"loc":{"start":{"line":7,"column":6},"end":{"line":7,"column":76}},"type":"cond-expr","locations":[{"start":{"line":7,"column":66},"end":{"line":7,"column":69}},{"start":{"line":7,"column":72},"end":{"line":7,"column":76}}],"line":7},"5":{"loc":{"start":{"line":11,"column":4},"end":{"line":11,"column":53}},"type":"if","locations":[{"start":{"line":11,"column":4},"end":{"line":11,"column":53}},{"start":{},"end":{}}],"line":11},"6":{"loc":{"start":{"line":13,"column":4},"end":{"line":13,"column":63}},"type":"if","locations":[{"start":{"line":13,"column":4},"end":{"line":13,"column":63}},{"start":{},"end":{}}],"line":13},"7":{"loc":{"start":{"line":16,"column":21},"end":{"line":16,"column":32}},"type":"default-arg","locations":[{"start":{"line":16,"column":28},"end":{"line":16,"column":32}}],"line":16},"8":{"loc":{"start":{"line":17,"column":4},"end":{"line":17,"column":53}},"type":"if","locations":[{"start":{"line":17,"column":4},"end":{"line":17,"column":53}},{"start":{},"end":{}}],"line":17},"9":{"loc":{"start":{"line":29,"column":17},"end":{"line":29,"column":28}},"type":"default-arg","locations":[{"start":{"line":29,"column":24},"end":{"line":29,"column":28}}],"line":29},"10":{"loc":{"start":{"line":30,"column":4},"end":{"line":30,"column":53}},"type":"if","locations":[{"start":{"line":30,"column":4},"end":{"line":30,"column":53}},{"start":{},"end":{}}],"line":30},"11":{"loc":{"start":{"line":36,"column":6},"end":{"line":40,"column":7}},"type":"if","locations":[{"start":{"line":36,"column":6},"end":{"line":40,"column":7}},{"start":{},"end":{}}],"line":36},"12":{"loc":{"start":{"line":48,"column":6},"end":{"line":50,"column":7}},"type":"if","locations":[{"start":{"line":48,"column":6},"end":{"line":50,"column":7}},{"start":{},"end":{}}],"line":48},"13":{"loc":{"start":{"line":55,"column":4},"end":{"line":55,"column":53}},"type":"if","locations":[{"start":{"line":55,"column":4},"end":{"line":55,"column":53}},{"start":{},"end":{}}],"line":55},"14":{"loc":{"start":{"line":62,"column":8},"end":{"line":62,"column":20}},"type":"default-arg","locations":[{"start":{"line":62,"column":16},"end":{"line":62,"column":20}}],"line":62},"15":{"loc":{"start":{"line":62,"column":22},"end":{"line":62,"column":31}},"type":"default-arg","locations":[{"start":{"line":62,"column":27},"end":{"line":62,"column":31}}],"line":62},"16":{"loc":{"start":{"line":63,"column":4},"end":{"line":63,"column":57}},"type":"if","locations":[{"start":{"line":63,"column":4},"end":{"line":63,"column":57}},{"start":{},"end":{}}],"line":63},"17":{"loc":{"start":{"line":65,"column":4},"end":{"line":65,"column":51}},"type":"if","locations":[{"start":{"line":65,"column":4},"end":{"line":65,"column":51}},{"start":{},"end":{}}],"line":65},"18":{"loc":{"start":{"line":67,"column":4},"end":{"line":67,"column":71}},"type":"if","locations":[{"start":{"line":67,"column":4},"end":{"line":67,"column":71}},{"start":{},"end":{}}],"line":67},"19":{"loc":{"start":{"line":69,"column":4},"end":{"line":69,"column":67}},"type":"if","locations":[{"start":{"line":69,"column":4},"end":{"line":69,"column":67}},{"start":{},"end":{}}],"line":69}},"s":{"0":15,"1":15,"2":15,"3":2,"4":13,"5":1,"6":9,"7":1,"8":8,"9":8,"10":16,"11":8,"12":8,"13":3,"14":1,"15":2,"16":4,"17":4,"18":4,"19":1,"20":1,"21":3,"22":2,"23":4,"24":4,"25":1,"26":3,"27":1,"28":2,"29":2,"30":4,"31":1,"32":3,"33":0,"34":3,"35":1,"36":2,"37":1,"38":1,"39":18},"f":{"0":15,"1":15,"2":9,"3":3,"4":4,"5":3,"6":4,"7":18},"b":{"0":[1],"1":[1],"2":[1],"3":[13,2],"4":[13,2],"5":[2,13],"6":[1,12],"7":[1],"8":[1,8],"9":[1],"10":[1,2],"11":[1,3],"12":[1,3],"13":[1,2],"14":[1],"15":[1],"16":[1,3],"17":[0,3],"18":[1,2],"19":[1,1]},"_coverageSchema":"1a1c01bbd47fc00a2c39e90264f33305004495a9","hash":"556837439de77ed5ab6ab383826c77712081e726"}
,"/home/matviei/Desktop/work/testForWebDev/src/js/functions/formatting.js": {"path":"/home/matviei/Desktop/work/testForWebDev/src/js/functions/formatting.js","statementMap":{"0":{"start":{"line":2,"column":2},"end":{"line":2,"column":52}},"1":{"start":{"line":2,"column":13},"end":{"line":2,"column":52}},"2":{"start":{"line":4,"column":2},"end":{"line":4,"column":72}},"3":{"start":{"line":4,"column":28},"end":{"line":4,"column":72}},"4":{"start":{"line":6,"column":2},"end":{"line":6,"column":53}},"5":{"start":{"line":6,"column":20},"end":{"line":6,"column":53}},"6":{"start":{"line":8,"column":2},"end":{"line":14,"column":9}},"7":{"start":{"line":9,"column":4},"end":{"line":9,"column":26}},"8":{"start":{"line":11,"column":4},"end":{"line":11,"column":26}},"9":{"start":{"line":13,"column":4},"end":{"line":13,"column":15}},"10":{"start":{"line":18,"column":2},"end":{"line":18,"column":52}},"11":{"start":{"line":18,"column":13},"end":{"line":18,"column":52}},"12":{"start":{"line":20,"column":2},"end":{"line":20,"column":72}},"13":{"start":{"line":20,"column":28},"end":{"line":20,"column":72}},"14":{"start":{"line":22,"column":2},"end":{"line":22,"column":53}},"15":{"start":{"line":22,"column":20},"end":{"line":22,"column":53}},"16":{"start":{"line":24,"column":2},"end":{"line":28,"column":9}},"17":{"start":{"line":25,"column":4},"end":{"line":25,"column":24}},"18":{"start":{"line":27,"column":4},"end":{"line":27,"column":15}},"19":{"start":{"line":32,"column":2},"end":{"line":32,"column":58}},"20":{"start":{"line":32,"column":16},"end":{"line":32,"column":58}},"21":{"start":{"line":34,"column":2},"end":{"line":34,"column":54}},"22":{"start":{"line":34,"column":14},"end":{"line":34,"column":54}},"23":{"start":{"line":36,"column":2},"end":{"line":38,"column":3}},"24":{"start":{"line":37,"column":4},"end":{"line":37,"column":42}},"25":{"start":{"line":40,"column":2},"end":{"line":42,"column":3}},"26":{"start":{"line":41,"column":4},"end":{"line":41,"column":40}},"27":{"start":{"line":44,"column":2},"end":{"line":44,"column":72}},"28":{"start":{"line":44,"column":36},"end":{"line":44,"column":72}},"29":{"start":{"line":46,"column":2},"end":{"line":46,"column":68}},"30":{"start":{"line":46,"column":34},"end":{"line":46,"column":68}},"31":{"start":{"line":48,"column":15},"end":{"line":48,"column":50}},"32":{"start":{"line":50,"column":2},"end":{"line":58,"column":5}},"33":{"start":{"line":51,"column":30},"end":{"line":51,"column":41}},"34":{"start":{"line":53,"column":4},"end":{"line":57,"column":7}},"35":{"start":{"line":54,"column":6},"end":{"line":54,"column":34}},"36":{"start":{"line":54,"column":27},"end":{"line":54,"column":34}},"37":{"start":{"line":56,"column":6},"end":{"line":56,"column":53}},"38":{"start":{"line":60,"column":2},"end":{"line":60,"column":16}}},"fnMap":{"0":{"name":"formattingServers","decl":{"start":{"line":1,"column":9},"end":{"line":1,"column":26}},"loc":{"start":{"line":1,"column":40},"end":{"line":15,"column":1}},"line":1},"1":{"name":"(anonymous_1)","decl":{"start":{"line":8,"column":21},"end":{"line":8,"column":22}},"loc":{"start":{"line":8,"column":36},"end":{"line":14,"column":3}},"line":8},"2":{"name":"formattingUsers","decl":{"start":{"line":17,"column":9},"end":{"line":17,"column":24}},"loc":{"start":{"line":17,"column":38},"end":{"line":29,"column":1}},"line":17},"3":{"name":"(anonymous_3)","decl":{"start":{"line":24,"column":21},"end":{"line":24,"column":22}},"loc":{"start":{"line":24,"column":36},"end":{"line":28,"column":3}},"line":24},"4":{"name":"formattingMain","decl":{"start":{"line":31,"column":9},"end":{"line":31,"column":23}},"loc":{"start":{"line":31,"column":54},"end":{"line":61,"column":1}},"line":31},"5":{"name":"(anonymous_5)","decl":{"start":{"line":50,"column":29},"end":{"line":50,"column":30}},"loc":{"start":{"line":50,"column":39},"end":{"line":58,"column":3}},"line":50},"6":{"name":"(anonymous_6)","decl":{"start":{"line":53,"column":22},"end":{"line":53,"column":23}},"loc":{"start":{"line":53,"column":34},"end":{"line":57,"column":5}},"line":53}},"branchMap":{"0":{"loc":{"start":{"line":1,"column":27},"end":{"line":1,"column":38}},"type":"default-arg","locations":[{"start":{"line":1,"column":34},"end":{"line":1,"column":38}}],"line":1},"1":{"loc":{"start":{"line":2,"column":2},"end":{"line":2,"column":52}},"type":"if","locations":[{"start":{"line":2,"column":2},"end":{"line":2,"column":52}},{"start":{},"end":{}}],"line":2},"2":{"loc":{"start":{"line":4,"column":2},"end":{"line":4,"column":72}},"type":"if","locations":[{"start":{"line":4,"column":2},"end":{"line":4,"column":72}},{"start":{},"end":{}}],"line":4},"3":{"loc":{"start":{"line":6,"column":2},"end":{"line":6,"column":53}},"type":"if","locations":[{"start":{"line":6,"column":2},"end":{"line":6,"column":53}},{"start":{},"end":{}}],"line":6},"4":{"loc":{"start":{"line":17,"column":25},"end":{"line":17,"column":36}},"type":"default-arg","locations":[{"start":{"line":17,"column":32},"end":{"line":17,"column":36}}],"line":17},"5":{"loc":{"start":{"line":18,"column":2},"end":{"line":18,"column":52}},"type":"if","locations":[{"start":{"line":18,"column":2},"end":{"line":18,"column":52}},{"start":{},"end":{}}],"line":18},"6":{"loc":{"start":{"line":20,"column":2},"end":{"line":20,"column":72}},"type":"if","locations":[{"start":{"line":20,"column":2},"end":{"line":20,"column":72}},{"start":{},"end":{}}],"line":20},"7":{"loc":{"start":{"line":22,"column":2},"end":{"line":22,"column":53}},"type":"if","locations":[{"start":{"line":22,"column":2},"end":{"line":22,"column":53}},{"start":{},"end":{}}],"line":22},"8":{"loc":{"start":{"line":31,"column":24},"end":{"line":31,"column":38}},"type":"default-arg","locations":[{"start":{"line":31,"column":34},"end":{"line":31,"column":38}}],"line":31},"9":{"loc":{"start":{"line":31,"column":40},"end":{"line":31,"column":52}},"type":"default-arg","locations":[{"start":{"line":31,"column":48},"end":{"line":31,"column":52}}],"line":31},"10":{"loc":{"start":{"line":32,"column":2},"end":{"line":32,"column":58}},"type":"if","locations":[{"start":{"line":32,"column":2},"end":{"line":32,"column":58}},{"start":{},"end":{}}],"line":32},"11":{"loc":{"start":{"line":34,"column":2},"end":{"line":34,"column":54}},"type":"if","locations":[{"start":{"line":34,"column":2},"end":{"line":34,"column":54}},{"start":{},"end":{}}],"line":34},"12":{"loc":{"start":{"line":36,"column":2},"end":{"line":38,"column":3}},"type":"if","locations":[{"start":{"line":36,"column":2},"end":{"line":38,"column":3}},{"start":{},"end":{}}],"line":36},"13":{"loc":{"start":{"line":40,"column":2},"end":{"line":42,"column":3}},"type":"if","locations":[{"start":{"line":40,"column":2},"end":{"line":42,"column":3}},{"start":{},"end":{}}],"line":40},"14":{"loc":{"start":{"line":44,"column":2},"end":{"line":44,"column":72}},"type":"if","locations":[{"start":{"line":44,"column":2},"end":{"line":44,"column":72}},{"start":{},"end":{}}],"line":44},"15":{"loc":{"start":{"line":46,"column":2},"end":{"line":46,"column":68}},"type":"if","locations":[{"start":{"line":46,"column":2},"end":{"line":46,"column":68}},{"start":{},"end":{}}],"line":46},"16":{"loc":{"start":{"line":51,"column":10},"end":{"line":51,"column":25}},"type":"default-arg","locations":[{"start":{"line":51,"column":21},"end":{"line":51,"column":25}}],"line":51},"17":{"loc":{"start":{"line":54,"column":6},"end":{"line":54,"column":34}},"type":"if","locations":[{"start":{"line":54,"column":6},"end":{"line":54,"column":34}},{"start":{},"end":{}}],"line":54}},"s":{"0":4,"1":1,"2":3,"3":1,"4":2,"5":1,"6":1,"7":1,"8":1,"9":1,"10":4,"11":1,"12":3,"13":1,"14":2,"15":1,"16":1,"17":1,"18":1,"19":4,"20":1,"21":3,"22":0,"23":3,"24":1,"25":2,"26":0,"27":2,"28":1,"29":1,"30":0,"31":1,"32":1,"33":1,"34":1,"35":1,"36":0,"37":1,"38":1},"f":{"0":4,"1":1,"2":4,"3":1,"4":4,"5":1,"6":1},"b":{"0":[1],"1":[1,3],"2":[1,2],"3":[1,1],"4":[1],"5":[1,3],"6":[1,2],"7":[1,1],"8":[1],"9":[1],"10":[1,3],"11":[0,3],"12":[1,2],"13":[0,2],"14":[1,1],"15":[0,1],"16":[0],"17":[0,1]},"_coverageSchema":"1a1c01bbd47fc00a2c39e90264f33305004495a9","hash":"f6ccaa1b698f2e1ba74f1d4d8f86aea15f67edfc"}
,"/home/matviei/Desktop/work/testForWebDev/src/js/functions/getTransitionDuration.js": {"path":"/home/matviei/Desktop/work/testForWebDev/src/js/functions/getTransitionDuration.js","statementMap":{"0":{"start":{"line":2,"column":2},"end":{"line":2,"column":65}},"1":{"start":{"line":2,"column":53},"end":{"line":2,"column":65}},"2":{"start":{"line":4,"column":21},"end":{"line":4,"column":53}},"3":{"start":{"line":6,"column":2},"end":{"line":8,"column":8}}},"fnMap":{"0":{"name":"getTransitionDuration","decl":{"start":{"line":1,"column":9},"end":{"line":1,"column":30}},"loc":{"start":{"line":1,"column":47},"end":{"line":9,"column":1}},"line":1}},"branchMap":{"0":{"loc":{"start":{"line":1,"column":31},"end":{"line":1,"column":45}},"type":"default-arg","locations":[{"start":{"line":1,"column":41},"end":{"line":1,"column":45}}],"line":1},"1":{"loc":{"start":{"line":2,"column":2},"end":{"line":2,"column":65}},"type":"if","locations":[{"start":{"line":2,"column":2},"end":{"line":2,"column":65}},{"start":{},"end":{}}],"line":2},"2":{"loc":{"start":{"line":2,"column":6},"end":{"line":2,"column":51}},"type":"binary-expr","locations":[{"start":{"line":2,"column":6},"end":{"line":2,"column":14}},{"start":{"line":2,"column":18},"end":{"line":2,"column":51}}],"line":2},"3":{"loc":{"start":{"line":6,"column":9},"end":{"line":8,"column":7}},"type":"cond-expr","locations":[{"start":{"line":7,"column":6},"end":{"line":7,"column":56}},{"start":{"line":8,"column":6},"end":{"line":8,"column":7}}],"line":6}},"s":{"0":5,"1":3,"2":2,"3":2},"f":{"0":5},"b":{"0":[1],"1":[3,2],"2":[5,3],"3":[1,1]},"_coverageSchema":"1a1c01bbd47fc00a2c39e90264f33305004495a9","hash":"969f7594914c5aa8915a1f1e0d8545c35978cd3f"}
,"/home/matviei/Desktop/work/testForWebDev/src/js/functions/toggleScrollPadding.js": {"path":"/home/matviei/Desktop/work/testForWebDev/src/js/functions/toggleScrollPadding.js","statementMap":{"0":{"start":{"line":2,"column":2},"end":{"line":2,"column":60}},"1":{"start":{"line":2,"column":53},"end":{"line":2,"column":60}},"2":{"start":{"line":4,"column":2},"end":{"line":8,"column":3}},"3":{"start":{"line":5,"column":4},"end":{"line":5,"column":35}},"4":{"start":{"line":7,"column":4},"end":{"line":7,"column":11}},"5":{"start":{"line":10,"column":16},"end":{"line":10,"column":68}},"6":{"start":{"line":12,"column":2},"end":{"line":12,"column":39}}},"fnMap":{"0":{"name":"toggleScrollPadding","decl":{"start":{"line":1,"column":9},"end":{"line":1,"column":28}},"loc":{"start":{"line":1,"column":62},"end":{"line":13,"column":1}},"line":1}},"branchMap":{"0":{"loc":{"start":{"line":1,"column":29},"end":{"line":1,"column":43}},"type":"default-arg","locations":[{"start":{"line":1,"column":39},"end":{"line":1,"column":43}}],"line":1},"1":{"loc":{"start":{"line":1,"column":45},"end":{"line":1,"column":60}},"type":"default-arg","locations":[{"start":{"line":1,"column":55},"end":{"line":1,"column":60}}],"line":1},"2":{"loc":{"start":{"line":2,"column":2},"end":{"line":2,"column":60}},"type":"if","locations":[{"start":{"line":2,"column":2},"end":{"line":2,"column":60}},{"start":{},"end":{}}],"line":2},"3":{"loc":{"start":{"line":2,"column":6},"end":{"line":2,"column":51}},"type":"binary-expr","locations":[{"start":{"line":2,"column":6},"end":{"line":2,"column":14}},{"start":{"line":2,"column":18},"end":{"line":2,"column":51}}],"line":2},"4":{"loc":{"start":{"line":4,"column":2},"end":{"line":8,"column":3}},"type":"if","locations":[{"start":{"line":4,"column":2},"end":{"line":8,"column":3}},{"start":{},"end":{}}],"line":4}},"s":{"0":5,"1":3,"2":2,"3":1,"4":1,"5":1,"6":1},"f":{"0":5},"b":{"0":[1],"1":[1],"2":[3,2],"3":[5,3],"4":[1,1]},"_coverageSchema":"1a1c01bbd47fc00a2c39e90264f33305004495a9","hash":"77bd89cb171d8b097d53388a45062dbd82212974"}
,"/home/matviei/Desktop/work/testForWebDev/src/js/functions/validation.js": {"path":"/home/matviei/Desktop/work/testForWebDev/src/js/functions/validation.js","statementMap":{"0":{"start":{"line":2,"column":2},"end":{"line":2,"column":52}},"1":{"start":{"line":2,"column":13},"end":{"line":2,"column":52}},"2":{"start":{"line":4,"column":2},"end":{"line":4,"column":53}},"3":{"start":{"line":4,"column":20},"end":{"line":4,"column":53}},"4":{"start":{"line":6,"column":2},"end":{"line":21,"column":9}},"5":{"start":{"line":7,"column":4},"end":{"line":7,"column":46}},"6":{"start":{"line":7,"column":35},"end":{"line":7,"column":46}},"7":{"start":{"line":9,"column":41},"end":{"line":9,"column":45}},"8":{"start":{"line":11,"column":4},"end":{"line":11,"column":41}},"9":{"start":{"line":11,"column":30},"end":{"line":11,"column":41}},"10":{"start":{"line":13,"column":4},"end":{"line":13,"column":45}},"11":{"start":{"line":13,"column":34},"end":{"line":13,"column":45}},"12":{"start":{"line":15,"column":4},"end":{"line":18,"column":7}},"13":{"start":{"line":20,"column":4},"end":{"line":20,"column":15}},"14":{"start":{"line":25,"column":2},"end":{"line":25,"column":52}},"15":{"start":{"line":25,"column":13},"end":{"line":25,"column":52}},"16":{"start":{"line":27,"column":2},"end":{"line":27,"column":53}},"17":{"start":{"line":27,"column":20},"end":{"line":27,"column":53}},"18":{"start":{"line":29,"column":2},"end":{"line":44,"column":9}},"19":{"start":{"line":30,"column":4},"end":{"line":30,"column":46}},"20":{"start":{"line":30,"column":35},"end":{"line":30,"column":46}},"21":{"start":{"line":32,"column":47},"end":{"line":32,"column":51}},"22":{"start":{"line":34,"column":4},"end":{"line":34,"column":65}},"23":{"start":{"line":34,"column":54},"end":{"line":34,"column":65}},"24":{"start":{"line":36,"column":4},"end":{"line":41,"column":7}},"25":{"start":{"line":43,"column":4},"end":{"line":43,"column":15}}},"fnMap":{"0":{"name":"validateServers","decl":{"start":{"line":1,"column":9},"end":{"line":1,"column":24}},"loc":{"start":{"line":1,"column":38},"end":{"line":22,"column":1}},"line":1},"1":{"name":"(anonymous_1)","decl":{"start":{"line":6,"column":21},"end":{"line":6,"column":22}},"loc":{"start":{"line":6,"column":36},"end":{"line":21,"column":3}},"line":6},"2":{"name":"validateUsers","decl":{"start":{"line":24,"column":9},"end":{"line":24,"column":22}},"loc":{"start":{"line":24,"column":29},"end":{"line":45,"column":1}},"line":24},"3":{"name":"(anonymous_3)","decl":{"start":{"line":29,"column":21},"end":{"line":29,"column":22}},"loc":{"start":{"line":29,"column":36},"end":{"line":44,"column":3}},"line":29}},"branchMap":{"0":{"loc":{"start":{"line":1,"column":25},"end":{"line":1,"column":36}},"type":"default-arg","locations":[{"start":{"line":1,"column":32},"end":{"line":1,"column":36}}],"line":1},"1":{"loc":{"start":{"line":2,"column":2},"end":{"line":2,"column":52}},"type":"if","locations":[{"start":{"line":2,"column":2},"end":{"line":2,"column":52}},{"start":{},"end":{}}],"line":2},"2":{"loc":{"start":{"line":4,"column":2},"end":{"line":4,"column":53}},"type":"if","locations":[{"start":{"line":4,"column":2},"end":{"line":4,"column":53}},{"start":{},"end":{}}],"line":4},"3":{"loc":{"start":{"line":7,"column":4},"end":{"line":7,"column":46}},"type":"if","locations":[{"start":{"line":7,"column":4},"end":{"line":7,"column":46}},{"start":{},"end":{}}],"line":7},"4":{"loc":{"start":{"line":9,"column":10},"end":{"line":9,"column":21}},"type":"default-arg","locations":[{"start":{"line":9,"column":17},"end":{"line":9,"column":21}}],"line":9},"5":{"loc":{"start":{"line":9,"column":23},"end":{"line":9,"column":36}},"type":"default-arg","locations":[{"start":{"line":9,"column":32},"end":{"line":9,"column":36}}],"line":9},"6":{"loc":{"start":{"line":11,"column":4},"end":{"line":11,"column":41}},"type":"if","locations":[{"start":{"line":11,"column":4},"end":{"line":11,"column":41}},{"start":{},"end":{}}],"line":11},"7":{"loc":{"start":{"line":11,"column":8},"end":{"line":11,"column":28}},"type":"binary-expr","locations":[{"start":{"line":11,"column":8},"end":{"line":11,"column":13}},{"start":{"line":11,"column":17},"end":{"line":11,"column":28}}],"line":11},"8":{"loc":{"start":{"line":13,"column":4},"end":{"line":13,"column":45}},"type":"if","locations":[{"start":{"line":13,"column":4},"end":{"line":13,"column":45}},{"start":{},"end":{}}],"line":13},"9":{"loc":{"start":{"line":13,"column":8},"end":{"line":13,"column":32}},"type":"binary-expr","locations":[{"start":{"line":13,"column":8},"end":{"line":13,"column":15}},{"start":{"line":13,"column":19},"end":{"line":13,"column":32}}],"line":13},"10":{"loc":{"start":{"line":25,"column":2},"end":{"line":25,"column":52}},"type":"if","locations":[{"start":{"line":25,"column":2},"end":{"line":25,"column":52}},{"start":{},"end":{}}],"line":25},"11":{"loc":{"start":{"line":27,"column":2},"end":{"line":27,"column":53}},"type":"if","locations":[{"start":{"line":27,"column":2},"end":{"line":27,"column":53}},{"start":{},"end":{}}],"line":27},"12":{"loc":{"start":{"line":30,"column":4},"end":{"line":30,"column":46}},"type":"if","locations":[{"start":{"line":30,"column":4},"end":{"line":30,"column":46}},{"start":{},"end":{}}],"line":30},"13":{"loc":{"start":{"line":32,"column":10},"end":{"line":32,"column":19}},"type":"default-arg","locations":[{"start":{"line":32,"column":15},"end":{"line":32,"column":19}}],"line":32},"14":{"loc":{"start":{"line":34,"column":4},"end":{"line":34,"column":65}},"type":"if","locations":[{"start":{"line":34,"column":4},"end":{"line":34,"column":65}},{"start":{},"end":{}}],"line":34},"15":{"loc":{"start":{"line":34,"column":8},"end":{"line":34,"column":52}},"type":"binary-expr","locations":[{"start":{"line":34,"column":8},"end":{"line":34,"column":32}},{"start":{"line":34,"column":36},"end":{"line":34,"column":52}}],"line":34},"16":{"loc":{"start":{"line":37,"column":12},"end":{"line":37,"column":70}},"type":"cond-expr","locations":[{"start":{"line":37,"column":54},"end":{"line":37,"column":58}},{"start":{"line":37,"column":61},"end":{"line":37,"column":70}}],"line":37},"17":{"loc":{"start":{"line":37,"column":12},"end":{"line":37,"column":51}},"type":"binary-expr","locations":[{"start":{"line":37,"column":12},"end":{"line":37,"column":36}},{"start":{"line":37,"column":40},"end":{"line":37,"column":51}}],"line":37},"18":{"loc":{"start":{"line":38,"column":13},"end":{"line":38,"column":75}},"type":"cond-expr","locations":[{"start":{"line":38,"column":57},"end":{"line":38,"column":62}},{"start":{"line":38,"column":65},"end":{"line":38,"column":75}}],"line":38},"19":{"loc":{"start":{"line":38,"column":13},"end":{"line":38,"column":54}},"type":"binary-expr","locations":[{"start":{"line":38,"column":13},"end":{"line":38,"column":38}},{"start":{"line":38,"column":42},"end":{"line":38,"column":54}}],"line":38},"20":{"loc":{"start":{"line":39,"column":10},"end":{"line":39,"column":30}},"type":"cond-expr","locations":[{"start":{"line":39,"column":15},"end":{"line":39,"column":17}},{"start":{"line":39,"column":20},"end":{"line":39,"column":30}}],"line":39}},"s":{"0":5,"1":1,"2":4,"3":2,"4":2,"5":2,"6":1,"7":1,"8":1,"9":1,"10":0,"11":0,"12":0,"13":0,"14":6,"15":1,"16":5,"17":2,"18":3,"19":3,"20":2,"21":1,"22":1,"23":0,"24":1,"25":1},"f":{"0":5,"1":2,"2":6,"3":3},"b":{"0":[1],"1":[1,4],"2":[2,2],"3":[1,1],"4":[0],"5":[0],"6":[1,0],"7":[1,0],"8":[0,0],"9":[0,0],"10":[1,5],"11":[2,3],"12":[2,1],"13":[0],"14":[0,1],"15":[1,1],"16":[0,1],"17":[1,1],"18":[0,1],"19":[1,1],"20":[1,0]},"_coverageSchema":"1a1c01bbd47fc00a2c39e90264f33305004495a9","hash":"06134841c781c3cfb7966767960bd2a0a110ff5e"}
}
