TN:
SF:src/js/main.js
FN:23,app
FN:71,(anonymous_1)
FN:80,(anonymous_2)
FN:89,(anonymous_3)
FN:92,(anonymous_4)
FN:114,(anonymous_5)
FN:117,(anonymous_6)
FN:122,(anonymous_7)
FN:132,(anonymous_8)
FN:140,(anonymous_9)
FN:141,(anonymous_10)
FNF:11
FNH:0
FNDA:0,app
FNDA:0,(anonymous_1)
FNDA:0,(anonymous_2)
FNDA:0,(anonymous_3)
FNDA:0,(anonymous_4)
FNDA:0,(anonymous_5)
FNDA:0,(anonymous_6)
FNDA:0,(anonymous_7)
FNDA:0,(anonymous_8)
FNDA:0,(anonymous_9)
FNDA:0,(anonymous_10)
DA:24,0
DA:28,0
DA:32,0
DA:33,0
DA:34,0
DA:35,0
DA:39,0
DA:43,0
DA:44,0
DA:50,0
DA:57,0
DA:58,0
DA:59,0
DA:60,0
DA:62,0
DA:63,0
DA:65,0
DA:70,0
DA:72,0
DA:73,0
DA:75,0
DA:79,0
DA:81,0
DA:82,0
DA:84,0
DA:88,0
DA:90,0
DA:93,0
DA:95,0
DA:97,0
DA:99,0
DA:101,0
DA:103,0
DA:107,0
DA:109,0
DA:111,0
DA:113,0
DA:115,0
DA:118,0
DA:122,0
DA:123,0
DA:124,0
DA:125,0
DA:126,0
DA:128,0
DA:132,0
DA:133,0
DA:134,0
DA:135,0
DA:136,0
DA:140,0
DA:141,0
DA:142,0
DA:204,0
DA:251,0
DA:252,0
DA:256,0
DA:258,0
DA:260,0
DA:262,0
DA:264,0
DA:266,0
DA:268,0
DA:270,0
DA:273,0
LF:65
LH:0
BRDA:95,0,0,0
BRDA:95,0,1,0
BRDA:123,1,0,0
BRDA:123,1,1,0
BRDA:133,2,0,0
BRDA:133,2,1,0
BRF:6
BRH:0
end_of_record
TN:
SF:src/js/components/Api.js
FN:2,(anonymous_0)
FN:7,(anonymous_1)
FN:11,(anonymous_2)
FN:17,(anonymous_3)
FN:21,(anonymous_4)
FNF:5
FNH:0
FNDA:0,(anonymous_0)
FNDA:0,(anonymous_1)
FNDA:0,(anonymous_2)
FNDA:0,(anonymous_3)
FNDA:0,(anonymous_4)
DA:3,0
DA:4,0
DA:8,0
DA:12,0
DA:18,0
DA:22,0
LF:6
LH:0
BRF:0
BRH:0
end_of_record
TN:
SF:src/js/components/Info.js
FN:2,(anonymous_0)
FN:10,(anonymous_1)
FN:19,(anonymous_2)
FN:23,(anonymous_3)
FN:27,(anonymous_4)
FN:31,(anonymous_5)
FN:33,(anonymous_6)
FN:42,serverInfoChangeDesc
FNF:8
FNH:0
FNDA:0,(anonymous_0)
FNDA:0,(anonymous_1)
FNDA:0,(anonymous_2)
FNDA:0,(anonymous_3)
FNDA:0,(anonymous_4)
FNDA:0,(anonymous_5)
FNDA:0,(anonymous_6)
FNDA:0,serverInfoChangeDesc
DA:3,0
DA:8,0
DA:11,0
DA:12,0
DA:14,0
DA:15,0
DA:20,0
DA:24,0
DA:28,0
DA:32,0
DA:33,0
DA:35,0
DA:38,0
DA:43,0
DA:44,0
DA:45,0
DA:46,0
DA:48,0
DA:49,0
DA:50,0
LF:20
LH:0
BRDA:32,0,0,0
BRDA:32,0,1,0
BRF:2
BRH:0
end_of_record
TN:
SF:src/js/components/Search.js
FN:2,(anonymous_0)
FN:14,(anonymous_1)
FN:17,(anonymous_2)
FN:25,(anonymous_3)
FN:30,(anonymous_4)
FN:32,(anonymous_5)
FN:37,(anonymous_6)
FN:48,(anonymous_7)
FN:52,(anonymous_8)
FN:56,(anonymous_9)
FN:60,(anonymous_10)
FN:64,(anonymous_11)
FN:68,(anonymous_12)
FN:73,hideElementTable
FN:77,showElementTable
FN:81,tableElementsComparison
FNF:16
FNH:0
FNDA:0,(anonymous_0)
FNDA:0,(anonymous_1)
FNDA:0,(anonymous_2)
FNDA:0,(anonymous_3)
FNDA:0,(anonymous_4)
FNDA:0,(anonymous_5)
FNDA:0,(anonymous_6)
FNDA:0,(anonymous_7)
FNDA:0,(anonymous_8)
FNDA:0,(anonymous_9)
FNDA:0,(anonymous_10)
FNDA:0,(anonymous_11)
FNDA:0,(anonymous_12)
FNDA:0,hideElementTable
FNDA:0,showElementTable
FNDA:0,tableElementsComparison
DA:3,0
DA:4,0
DA:5,0
DA:6,0
DA:15,0
DA:17,0
DA:18,0
DA:21,0
DA:25,0
DA:26,0
DA:31,0
DA:32,0
DA:34,0
DA:37,0
DA:38,0
DA:40,0
DA:41,0
DA:43,0
DA:49,0
DA:53,0
DA:57,0
DA:61,0
DA:65,0
DA:69,0
DA:74,0
DA:78,0
DA:82,0
DA:85,0
DA:87,0
LF:29
LH:0
BRDA:31,0,0,0
BRDA:31,0,1,0
BRDA:40,1,0,0
BRDA:40,1,1,0
BRDA:82,2,0,0
BRDA:82,2,1,0
BRF:6
BRH:0
end_of_record
TN:
SF:src/js/components/Settings.js
FNF:0
FNH:0
DA:1,0
LF:1
LH:0
BRF:0
BRH:0
end_of_record
TN:
SF:src/js/components/Storage.js
FN:10,(anonymous_0)
FN:25,(anonymous_1)
FN:40,(anonymous_2)
FN:44,(anonymous_3)
FN:58,(anonymous_4)
FN:72,(anonymous_5)
FN:80,(anonymous_6)
FN:88,(anonymous_7)
FN:115,(anonymous_8)
FNF:9
FNH:8
FNDA:11,(anonymous_0)
FNDA:14,(anonymous_1)
FNDA:5,(anonymous_2)
FNDA:5,(anonymous_3)
FNDA:5,(anonymous_4)
FNDA:11,(anonymous_5)
FNDA:11,(anonymous_6)
FNDA:6,(anonymous_7)
FNDA:0,(anonymous_8)
DA:2,24
DA:3,24
DA:4,24
DA:5,24
DA:11,11
DA:12,11
DA:14,11
DA:15,1
DA:16,1
DA:20,11
DA:26,14
DA:28,13
DA:30,12
DA:32,11
DA:34,11
DA:35,11
DA:37,11
DA:41,5
DA:45,5
DA:47,4
DA:49,3
DA:51,2
DA:53,1
DA:55,1
DA:59,5
DA:61,4
DA:63,3
DA:65,2
DA:67,1
DA:69,1
DA:73,11
DA:74,1
DA:77,10
DA:81,11
DA:82,1
DA:85,10
DA:89,6
DA:91,5
DA:93,4
DA:95,3
DA:96,1
DA:98,2
DA:100,2
DA:102,1
DA:103,1
DA:106,1
DA:107,0
DA:109,0
DA:112,1
DA:116,0
LF:50
LH:47
BRDA:14,0,0,1
BRDA:14,0,1,10
BRDA:25,1,0,0
BRDA:25,2,0,1
BRDA:26,3,0,1
BRDA:26,3,1,13
BRDA:28,4,0,1
BRDA:28,4,1,12
BRDA:30,5,0,1
BRDA:30,5,1,11
BRDA:32,6,0,0
BRDA:32,6,1,11
BRDA:40,7,0,1
BRDA:44,8,0,0
BRDA:44,9,0,1
BRDA:45,10,0,1
BRDA:45,10,1,4
BRDA:47,11,0,1
BRDA:47,11,1,3
BRDA:49,12,0,1
BRDA:49,12,1,2
BRDA:51,13,0,1
BRDA:51,13,1,1
BRDA:53,14,0,0
BRDA:53,14,1,1
BRDA:59,15,0,1
BRDA:59,15,1,4
BRDA:61,16,0,1
BRDA:61,16,1,3
BRDA:63,17,0,1
BRDA:63,17,1,2
BRDA:65,18,0,1
BRDA:65,18,1,1
BRDA:67,19,0,0
BRDA:67,19,1,1
BRDA:73,20,0,1
BRDA:73,20,1,10
BRDA:81,21,0,1
BRDA:81,21,1,10
BRDA:88,22,0,0
BRDA:88,23,0,1
BRDA:89,24,0,1
BRDA:89,24,1,5
BRDA:91,25,0,1
BRDA:91,25,1,4
BRDA:93,26,0,1
BRDA:93,26,1,3
BRDA:95,27,0,1
BRDA:95,27,1,2
BRDA:95,28,0,3
BRDA:95,28,1,3
BRDA:98,29,0,0
BRDA:98,29,1,2
BRDA:100,30,0,1
BRDA:100,30,1,1
BRDA:102,31,0,1
BRDA:102,31,1,0
BRDA:106,32,0,0
BRDA:106,32,1,1
BRF:59
BRH:50
end_of_record
TN:
SF:src/js/components/TableElement.js
FN:2,(anonymous_0)
FN:6,(anonymous_1)
FN:12,(anonymous_2)
FN:27,(anonymous_3)
FN:42,(anonymous_4)
FN:60,(anonymous_5)
FNF:6
FNH:2
FNDA:0,(anonymous_0)
FNDA:0,(anonymous_1)
FNDA:18,(anonymous_2)
FNDA:3,(anonymous_3)
FNDA:0,(anonymous_4)
FNDA:0,(anonymous_5)
DA:3,0
DA:7,0
DA:13,18
DA:15,18
DA:28,3
DA:29,0
DA:32,3
DA:34,3
DA:36,3
DA:43,0
DA:45,0
DA:61,0
DA:63,0
DA:64,0
DA:65,0
DA:66,0
LF:16
LH:6
BRDA:27,0,0,0
BRDA:27,1,0,0
BRDA:28,2,0,0
BRDA:28,2,1,3
BRDA:28,3,0,3
BRDA:28,3,1,3
BRDA:28,3,2,3
BRDA:32,4,0,0
BRDA:32,5,0,0
BRF:9
BRH:4
end_of_record
TN:
SF:src/js/components/TableElements.js
FN:2,(anonymous_0)
FN:10,(anonymous_1)
FN:16,(anonymous_2)
FN:29,(anonymous_3)
FN:32,(anonymous_4)
FN:54,(anonymous_5)
FN:62,(anonymous_6)
FN:74,(anonymous_7)
FNF:8
FNH:8
FNDA:15,(anonymous_0)
FNDA:15,(anonymous_1)
FNDA:9,(anonymous_2)
FNDA:3,(anonymous_3)
FNDA:4,(anonymous_4)
FNDA:3,(anonymous_5)
FNDA:4,(anonymous_6)
FNDA:18,(anonymous_7)
DA:3,15
DA:6,15
DA:11,15
DA:13,13
DA:17,9
DA:19,8
DA:21,8
DA:22,16
DA:25,8
DA:26,8
DA:30,3
DA:32,2
DA:33,4
DA:34,4
DA:36,4
DA:37,1
DA:39,1
DA:42,3
DA:45,2
DA:46,4
DA:48,4
DA:49,1
DA:55,3
DA:57,2
DA:59,2
DA:63,4
DA:65,3
DA:67,3
DA:69,2
DA:71,1
DA:75,18
LF:31
LH:31
BRDA:2,0,0,1
BRDA:2,1,0,1
BRDA:2,2,0,1
BRDA:4,3,0,13
BRDA:4,3,1,2
BRDA:7,4,0,13
BRDA:7,4,1,2
BRDA:11,5,0,2
BRDA:11,5,1,13
BRDA:13,6,0,1
BRDA:13,6,1,12
BRDA:16,7,0,1
BRDA:17,8,0,1
BRDA:17,8,1,8
BRDA:29,9,0,1
BRDA:30,10,0,1
BRDA:30,10,1,2
BRDA:36,11,0,1
BRDA:36,11,1,3
BRDA:48,12,0,1
BRDA:48,12,1,3
BRDA:55,13,0,1
BRDA:55,13,1,2
BRDA:62,14,0,1
BRDA:62,15,0,1
BRDA:63,16,0,1
BRDA:63,16,1,3
BRDA:65,17,0,0
BRDA:65,17,1,3
BRDA:67,18,0,1
BRDA:67,18,1,2
BRDA:69,19,0,1
BRDA:69,19,1,1
BRF:33
BRH:32
end_of_record
TN:
SF:src/js/functions/formatting.js
FN:1,formattingServers
FN:8,(anonymous_1)
FN:19,formattingUsers
FN:26,(anonymous_3)
FN:33,formattingMain
FN:52,(anonymous_5)
FN:55,(anonymous_6)
FNF:7
FNH:7
FNDA:4,formattingServers
FNDA:1,(anonymous_1)
FNDA:4,formattingUsers
FNDA:1,(anonymous_3)
FNDA:4,formattingMain
FNDA:1,(anonymous_5)
FNDA:1,(anonymous_6)
DA:2,4
DA:4,3
DA:6,2
DA:8,1
DA:9,1
DA:11,1
DA:13,1
DA:15,1
DA:20,4
DA:22,3
DA:24,2
DA:26,1
DA:27,1
DA:29,1
DA:34,4
DA:36,3
DA:38,3
DA:39,1
DA:42,2
DA:43,0
DA:46,2
DA:48,1
DA:50,1
DA:52,1
DA:53,1
DA:55,1
DA:56,1
DA:60,1
LF:28
LH:27
BRDA:1,0,0,1
BRDA:2,1,0,1
BRDA:2,1,1,3
BRDA:4,2,0,1
BRDA:4,2,1,2
BRDA:6,3,0,1
BRDA:6,3,1,1
BRDA:9,4,0,1
BRDA:9,4,1,0
BRDA:19,5,0,1
BRDA:20,6,0,1
BRDA:20,6,1,3
BRDA:22,7,0,1
BRDA:22,7,1,2
BRDA:24,8,0,1
BRDA:24,8,1,1
BRDA:33,9,0,1
BRDA:33,10,0,1
BRDA:34,11,0,1
BRDA:34,11,1,3
BRDA:36,12,0,0
BRDA:36,12,1,3
BRDA:38,13,0,1
BRDA:38,13,1,2
BRDA:42,14,0,0
BRDA:42,14,1,2
BRDA:46,15,0,1
BRDA:46,15,1,1
BRDA:48,16,0,0
BRDA:48,16,1,1
BRDA:53,17,0,0
BRF:31
BRH:26
end_of_record
TN:
SF:src/js/functions/getTransitionDuration.js
FN:1,getTransitionDuration
FNF:1
FNH:1
FNDA:5,getTransitionDuration
DA:2,5
DA:4,2
DA:6,2
LF:3
LH:3
BRDA:1,0,0,1
BRDA:2,1,0,3
BRDA:2,1,1,2
BRDA:2,2,0,5
BRDA:2,2,1,3
BRDA:6,3,0,1
BRDA:6,3,1,1
BRF:7
BRH:7
end_of_record
TN:
SF:src/js/functions/toggleScrollPadding.js
FN:1,toggleScrollPadding
FNF:1
FNH:1
FNDA:5,toggleScrollPadding
DA:2,5
DA:4,2
DA:5,1
DA:7,1
DA:10,1
DA:12,1
LF:6
LH:6
BRDA:1,0,0,1
BRDA:1,1,0,1
BRDA:2,2,0,3
BRDA:2,2,1,2
BRDA:2,3,0,5
BRDA:2,3,1,3
BRDA:4,4,0,1
BRDA:4,4,1,1
BRF:8
BRH:8
end_of_record
TN:
SF:src/js/functions/validate.js
FN:1,validateServers
FN:6,(anonymous_1)
FN:20,validateUsers
FN:25,(anonymous_3)
FNF:4
FNH:4
FNDA:5,validateServers
FNDA:2,(anonymous_1)
FNDA:6,validateUsers
FNDA:3,(anonymous_3)
DA:2,5
DA:4,4
DA:6,2
DA:7,2
DA:9,1
DA:11,1
DA:16,1
DA:21,6
DA:23,5
DA:25,3
DA:26,3
DA:28,1
DA:30,1
DA:32,1
DA:39,1
LF:15
LH:15
BRDA:1,0,0,1
BRDA:2,1,0,1
BRDA:2,1,1,4
BRDA:4,2,0,2
BRDA:4,2,1,2
BRDA:7,3,0,1
BRDA:7,3,1,1
BRDA:12,4,0,0
BRDA:12,4,1,1
BRDA:12,5,0,1
BRDA:12,5,1,1
BRDA:13,6,0,0
BRDA:13,6,1,1
BRDA:13,7,0,1
BRDA:13,7,1,1
BRDA:21,8,0,1
BRDA:21,8,1,5
BRDA:23,9,0,2
BRDA:23,9,1,3
BRDA:26,10,0,2
BRDA:26,10,1,1
BRDA:28,11,0,0
BRDA:30,12,0,0
BRDA:30,12,1,1
BRDA:30,13,0,1
BRDA:30,13,1,1
BRDA:33,14,0,0
BRDA:33,14,1,1
BRDA:33,15,0,1
BRDA:33,15,1,1
BRDA:34,16,0,0
BRDA:34,16,1,1
BRDA:34,17,0,1
BRDA:34,17,1,1
BRDA:35,18,0,1
BRDA:35,18,1,0
BRF:36
BRH:29
end_of_record
