TN:
SF:src/js/main.js
FN:23,app
FN:71,(anonymous_1)
FN:80,(anonymous_2)
FN:89,(anonymous_3)
FN:92,(anonymous_4)
FN:114,(anonymous_5)
FN:117,(anonymous_6)
FN:122,(anonymous_7)
FN:132,(anonymous_8)
FN:140,(anonymous_9)
FN:141,(anonymous_10)
FNF:11
FNH:0
FNDA:0,app
FNDA:0,(anonymous_1)
FNDA:0,(anonymous_2)
FNDA:0,(anonymous_3)
FNDA:0,(anonymous_4)
FNDA:0,(anonymous_5)
FNDA:0,(anonymous_6)
FNDA:0,(anonymous_7)
FNDA:0,(anonymous_8)
FNDA:0,(anonymous_9)
FNDA:0,(anonymous_10)
DA:24,0
DA:28,0
DA:32,0
DA:33,0
DA:34,0
DA:35,0
DA:39,0
DA:43,0
DA:44,0
DA:50,0
DA:57,0
DA:58,0
DA:59,0
DA:60,0
DA:62,0
DA:63,0
DA:65,0
DA:70,0
DA:72,0
DA:73,0
DA:75,0
DA:79,0
DA:81,0
DA:82,0
DA:84,0
DA:88,0
DA:90,0
DA:93,0
DA:95,0
DA:97,0
DA:99,0
DA:101,0
DA:103,0
DA:107,0
DA:109,0
DA:111,0
DA:113,0
DA:115,0
DA:118,0
DA:122,0
DA:123,0
DA:124,0
DA:125,0
DA:126,0
DA:128,0
DA:132,0
DA:133,0
DA:134,0
DA:135,0
DA:136,0
DA:140,0
DA:141,0
DA:142,0
DA:204,0
DA:251,0
DA:252,0
DA:256,0
DA:258,0
DA:260,0
DA:262,0
DA:264,0
DA:266,0
DA:268,0
DA:270,0
DA:273,0
LF:65
LH:0
BRDA:95,0,0,0
BRDA:95,0,1,0
BRDA:123,1,0,0
BRDA:123,1,1,0
BRDA:133,2,0,0
BRDA:133,2,1,0
BRF:6
BRH:0
end_of_record
TN:
SF:src/js/components/Api.js
FN:2,(anonymous_0)
FN:7,(anonymous_1)
FN:11,(anonymous_2)
FN:17,(anonymous_3)
FN:21,(anonymous_4)
FNF:5
FNH:0
FNDA:0,(anonymous_0)
FNDA:0,(anonymous_1)
FNDA:0,(anonymous_2)
FNDA:0,(anonymous_3)
FNDA:0,(anonymous_4)
DA:3,0
DA:4,0
DA:8,0
DA:12,0
DA:18,0
DA:22,0
LF:6
LH:0
BRF:0
BRH:0
end_of_record
TN:
SF:src/js/components/Info.js
FN:2,(anonymous_0)
FN:10,(anonymous_1)
FN:19,(anonymous_2)
FN:23,(anonymous_3)
FN:27,(anonymous_4)
FN:31,(anonymous_5)
FN:33,(anonymous_6)
FN:42,serverInfoChangeDesc
FNF:8
FNH:0
FNDA:0,(anonymous_0)
FNDA:0,(anonymous_1)
FNDA:0,(anonymous_2)
FNDA:0,(anonymous_3)
FNDA:0,(anonymous_4)
FNDA:0,(anonymous_5)
FNDA:0,(anonymous_6)
FNDA:0,serverInfoChangeDesc
DA:3,0
DA:8,0
DA:11,0
DA:12,0
DA:14,0
DA:15,0
DA:20,0
DA:24,0
DA:28,0
DA:32,0
DA:33,0
DA:35,0
DA:38,0
DA:43,0
DA:44,0
DA:45,0
DA:46,0
DA:48,0
DA:49,0
DA:50,0
LF:20
LH:0
BRDA:32,0,0,0
BRDA:32,0,1,0
BRF:2
BRH:0
end_of_record
TN:
SF:src/js/components/Search.js
FN:2,(anonymous_0)
FN:24,(anonymous_1)
FN:35,(anonymous_2)
FN:43,(anonymous_3)
FN:48,(anonymous_4)
FN:52,(anonymous_5)
FN:56,(anonymous_6)
FN:60,(anonymous_7)
FN:62,(anonymous_8)
FN:67,(anonymous_9)
FN:78,(anonymous_10)
FN:83,(anonymous_11)
FN:89,hideElementTable
FN:95,showElementTable
FN:101,tableElementsComparison
FNF:15
FNH:13
FNDA:4,(anonymous_0)
FNDA:4,(anonymous_1)
FNDA:0,(anonymous_2)
FNDA:1,(anonymous_3)
FNDA:1,(anonymous_4)
FNDA:1,(anonymous_5)
FNDA:1,(anonymous_6)
FNDA:1,(anonymous_7)
FNDA:0,(anonymous_8)
FNDA:2,(anonymous_9)
FNDA:1,(anonymous_10)
FNDA:1,(anonymous_11)
FNDA:1,hideElementTable
FNDA:1,showElementTable
FNDA:8,tableElementsComparison
DA:10,4
DA:12,4
DA:14,4
DA:16,4
DA:25,4
DA:27,2
DA:29,2
DA:31,2
DA:33,2
DA:35,2
DA:36,0
DA:39,2
DA:43,2
DA:44,1
DA:49,1
DA:53,1
DA:57,1
DA:61,1
DA:62,0
DA:64,0
DA:67,1
DA:68,2
DA:70,2
DA:71,1
DA:73,1
DA:79,1
DA:80,1
DA:84,1
DA:85,1
DA:90,1
DA:92,1
DA:96,1
DA:98,1
DA:102,8
DA:104,7
DA:106,7
DA:108,6
DA:110,6
DA:114,4
DA:116,2
LF:40
LH:37
BRDA:3,0,0,0
BRDA:4,1,0,1
BRDA:5,2,0,1
BRDA:6,3,0,1
BRDA:7,4,0,1
BRDA:11,5,0,2
BRDA:11,5,1,2
BRDA:13,6,0,2
BRDA:13,6,1,2
BRDA:15,7,0,2
BRDA:15,7,1,2
BRDA:16,8,0,2
BRDA:16,8,1,2
BRDA:25,9,0,2
BRDA:25,9,1,2
BRDA:27,10,0,0
BRDA:27,10,1,2
BRDA:29,11,0,0
BRDA:29,11,1,2
BRDA:31,12,0,0
BRDA:31,12,1,2
BRDA:61,13,0,0
BRDA:61,13,1,1
BRDA:70,14,0,1
BRDA:70,14,1,1
BRDA:89,15,0,0
BRDA:90,16,0,0
BRDA:90,16,1,1
BRDA:95,17,0,0
BRDA:96,18,0,0
BRDA:96,18,1,1
BRDA:101,19,0,1
BRDA:101,20,0,1
BRDA:102,21,0,1
BRDA:102,21,1,7
BRDA:104,22,0,0
BRDA:104,22,1,7
BRDA:106,23,0,1
BRDA:106,23,1,6
BRDA:108,24,0,0
BRDA:108,24,1,6
BRDA:110,25,0,4
BRDA:110,25,1,2
BRF:43
BRH:32
end_of_record
TN:
SF:src/js/components/Settings.js
FNF:0
FNH:0
DA:1,0
LF:1
LH:0
BRF:0
BRH:0
end_of_record
TN:
SF:src/js/components/Storage.js
FN:10,(anonymous_0)
FN:25,(anonymous_1)
FN:40,(anonymous_2)
FN:44,(anonymous_3)
FN:58,(anonymous_4)
FN:72,(anonymous_5)
FN:80,(anonymous_6)
FN:88,(anonymous_7)
FN:115,(anonymous_8)
FNF:9
FNH:8
FNDA:11,(anonymous_0)
FNDA:14,(anonymous_1)
FNDA:5,(anonymous_2)
FNDA:5,(anonymous_3)
FNDA:5,(anonymous_4)
FNDA:11,(anonymous_5)
FNDA:11,(anonymous_6)
FNDA:6,(anonymous_7)
FNDA:0,(anonymous_8)
DA:2,24
DA:3,24
DA:4,24
DA:5,24
DA:11,11
DA:12,11
DA:14,11
DA:15,1
DA:16,1
DA:20,11
DA:26,14
DA:28,13
DA:30,12
DA:32,11
DA:34,11
DA:35,11
DA:37,11
DA:41,5
DA:45,5
DA:47,4
DA:49,3
DA:51,2
DA:53,1
DA:55,1
DA:59,5
DA:61,4
DA:63,3
DA:65,2
DA:67,1
DA:69,1
DA:73,11
DA:74,1
DA:77,10
DA:81,11
DA:82,1
DA:85,10
DA:89,6
DA:91,5
DA:93,4
DA:95,3
DA:96,1
DA:98,2
DA:100,2
DA:102,1
DA:103,1
DA:106,1
DA:107,0
DA:109,0
DA:112,1
DA:116,0
LF:50
LH:47
BRDA:14,0,0,1
BRDA:14,0,1,10
BRDA:25,1,0,0
BRDA:25,2,0,1
BRDA:26,3,0,1
BRDA:26,3,1,13
BRDA:28,4,0,1
BRDA:28,4,1,12
BRDA:30,5,0,1
BRDA:30,5,1,11
BRDA:32,6,0,0
BRDA:32,6,1,11
BRDA:40,7,0,1
BRDA:44,8,0,0
BRDA:44,9,0,1
BRDA:45,10,0,1
BRDA:45,10,1,4
BRDA:47,11,0,1
BRDA:47,11,1,3
BRDA:49,12,0,1
BRDA:49,12,1,2
BRDA:51,13,0,1
BRDA:51,13,1,1
BRDA:53,14,0,0
BRDA:53,14,1,1
BRDA:59,15,0,1
BRDA:59,15,1,4
BRDA:61,16,0,1
BRDA:61,16,1,3
BRDA:63,17,0,1
BRDA:63,17,1,2
BRDA:65,18,0,1
BRDA:65,18,1,1
BRDA:67,19,0,0
BRDA:67,19,1,1
BRDA:73,20,0,1
BRDA:73,20,1,10
BRDA:81,21,0,1
BRDA:81,21,1,10
BRDA:88,22,0,0
BRDA:88,23,0,1
BRDA:89,24,0,1
BRDA:89,24,1,5
BRDA:91,25,0,1
BRDA:91,25,1,4
BRDA:93,26,0,1
BRDA:93,26,1,3
BRDA:95,27,0,1
BRDA:95,27,1,2
BRDA:95,28,0,3
BRDA:95,28,1,3
BRDA:98,29,0,0
BRDA:98,29,1,2
BRDA:100,30,0,1
BRDA:100,30,1,1
BRDA:102,31,0,1
BRDA:102,31,1,0
BRDA:106,32,0,0
BRDA:106,32,1,1
BRF:59
BRH:50
end_of_record
TN:
SF:src/js/components/TableElement.js
FN:2,(anonymous_0)
FN:6,(anonymous_1)
FN:12,(anonymous_2)
FN:29,(anonymous_3)
FN:44,(anonymous_4)
FN:64,(anonymous_5)
FNF:6
FNH:4
FNDA:0,(anonymous_0)
FNDA:0,(anonymous_1)
FNDA:21,(anonymous_2)
FNDA:5,(anonymous_3)
FNDA:3,(anonymous_4)
FNDA:2,(anonymous_5)
DA:3,0
DA:7,0
DA:13,21
DA:15,20
DA:17,20
DA:30,5
DA:32,4
DA:34,4
DA:36,4
DA:38,4
DA:45,3
DA:47,2
DA:49,2
DA:65,2
DA:67,1
DA:69,1
DA:71,1
DA:72,1
DA:73,1
DA:74,1
LF:20
LH:18
BRDA:12,0,0,1
BRDA:13,1,0,1
BRDA:13,1,1,20
BRDA:29,2,0,1
BRDA:29,3,0,1
BRDA:30,4,0,1
BRDA:30,4,1,4
BRDA:32,5,0,0
BRDA:32,5,1,4
BRDA:45,6,0,1
BRDA:45,6,1,2
BRDA:65,7,0,1
BRDA:65,7,1,1
BRDA:67,8,0,0
BRDA:67,8,1,1
BRF:15
BRH:13
end_of_record
TN:
SF:src/js/components/TableElements.js
FN:2,(anonymous_0)
FN:10,(anonymous_1)
FN:16,(anonymous_2)
FN:29,(anonymous_3)
FN:32,(anonymous_4)
FN:54,(anonymous_5)
FN:62,(anonymous_6)
FN:74,(anonymous_7)
FNF:8
FNH:8
FNDA:15,(anonymous_0)
FNDA:15,(anonymous_1)
FNDA:9,(anonymous_2)
FNDA:3,(anonymous_3)
FNDA:4,(anonymous_4)
FNDA:3,(anonymous_5)
FNDA:4,(anonymous_6)
FNDA:18,(anonymous_7)
DA:3,15
DA:6,15
DA:11,15
DA:13,13
DA:17,9
DA:19,8
DA:21,8
DA:22,16
DA:25,8
DA:26,8
DA:30,3
DA:32,2
DA:33,4
DA:34,4
DA:36,4
DA:37,1
DA:39,1
DA:42,3
DA:45,2
DA:46,4
DA:48,4
DA:49,1
DA:55,3
DA:57,2
DA:59,2
DA:63,4
DA:65,3
DA:67,3
DA:69,2
DA:71,1
DA:75,18
LF:31
LH:31
BRDA:2,0,0,1
BRDA:2,1,0,1
BRDA:2,2,0,1
BRDA:4,3,0,13
BRDA:4,3,1,2
BRDA:7,4,0,13
BRDA:7,4,1,2
BRDA:11,5,0,2
BRDA:11,5,1,13
BRDA:13,6,0,1
BRDA:13,6,1,12
BRDA:16,7,0,1
BRDA:17,8,0,1
BRDA:17,8,1,8
BRDA:29,9,0,1
BRDA:30,10,0,1
BRDA:30,10,1,2
BRDA:36,11,0,1
BRDA:36,11,1,3
BRDA:48,12,0,1
BRDA:48,12,1,3
BRDA:55,13,0,1
BRDA:55,13,1,2
BRDA:62,14,0,1
BRDA:62,15,0,1
BRDA:63,16,0,1
BRDA:63,16,1,3
BRDA:65,17,0,0
BRDA:65,17,1,3
BRDA:67,18,0,1
BRDA:67,18,1,2
BRDA:69,19,0,1
BRDA:69,19,1,1
BRF:33
BRH:32
end_of_record
TN:
SF:src/js/functions/formatting.js
FN:1,formattingServers
FN:8,(anonymous_1)
FN:17,formattingUsers
FN:24,(anonymous_3)
FN:31,formattingMain
FN:50,(anonymous_5)
FN:53,(anonymous_6)
FNF:7
FNH:7
FNDA:4,formattingServers
FNDA:1,(anonymous_1)
FNDA:4,formattingUsers
FNDA:1,(anonymous_3)
FNDA:4,formattingMain
FNDA:1,(anonymous_5)
FNDA:1,(anonymous_6)
DA:2,4
DA:4,3
DA:6,2
DA:8,1
DA:9,1
DA:11,1
DA:13,1
DA:18,4
DA:20,3
DA:22,2
DA:24,1
DA:25,1
DA:27,1
DA:32,4
DA:34,3
DA:36,3
DA:37,1
DA:40,2
DA:41,0
DA:44,2
DA:46,1
DA:48,1
DA:50,1
DA:51,1
DA:53,1
DA:54,1
DA:56,1
DA:60,1
LF:28
LH:27
BRDA:1,0,0,1
BRDA:2,1,0,1
BRDA:2,1,1,3
BRDA:4,2,0,1
BRDA:4,2,1,2
BRDA:6,3,0,1
BRDA:6,3,1,1
BRDA:17,4,0,1
BRDA:18,5,0,1
BRDA:18,5,1,3
BRDA:20,6,0,1
BRDA:20,6,1,2
BRDA:22,7,0,1
BRDA:22,7,1,1
BRDA:31,8,0,1
BRDA:31,9,0,1
BRDA:32,10,0,1
BRDA:32,10,1,3
BRDA:34,11,0,0
BRDA:34,11,1,3
BRDA:36,12,0,1
BRDA:36,12,1,2
BRDA:40,13,0,0
BRDA:40,13,1,2
BRDA:44,14,0,1
BRDA:44,14,1,1
BRDA:46,15,0,0
BRDA:46,15,1,1
BRDA:51,16,0,0
BRDA:54,17,0,0
BRDA:54,17,1,1
BRF:31
BRH:26
end_of_record
TN:
SF:src/js/functions/getTransitionDuration.js
FN:1,getTransitionDuration
FNF:1
FNH:1
FNDA:5,getTransitionDuration
DA:2,5
DA:4,2
DA:6,2
LF:3
LH:3
BRDA:1,0,0,1
BRDA:2,1,0,3
BRDA:2,1,1,2
BRDA:2,2,0,5
BRDA:2,2,1,3
BRDA:6,3,0,1
BRDA:6,3,1,1
BRF:7
BRH:7
end_of_record
TN:
SF:src/js/functions/toggleScrollPadding.js
FN:1,toggleScrollPadding
FNF:1
FNH:1
FNDA:5,toggleScrollPadding
DA:2,5
DA:4,2
DA:5,1
DA:7,1
DA:10,1
DA:12,1
LF:6
LH:6
BRDA:1,0,0,1
BRDA:1,1,0,1
BRDA:2,2,0,3
BRDA:2,2,1,2
BRDA:2,3,0,5
BRDA:2,3,1,3
BRDA:4,4,0,1
BRDA:4,4,1,1
BRF:8
BRH:8
end_of_record
TN:
SF:src/js/functions/validation.js
FN:1,validateServers
FN:6,(anonymous_1)
FN:24,validateUsers
FN:29,(anonymous_3)
FNF:4
FNH:4
FNDA:5,validateServers
FNDA:2,(anonymous_1)
FNDA:6,validateUsers
FNDA:3,(anonymous_3)
DA:2,5
DA:4,4
DA:6,2
DA:7,2
DA:9,1
DA:11,1
DA:13,0
DA:15,0
DA:20,0
DA:25,6
DA:27,5
DA:29,3
DA:30,3
DA:32,1
DA:34,1
DA:36,1
DA:43,1
LF:17
LH:14
BRDA:1,0,0,1
BRDA:2,1,0,1
BRDA:2,1,1,4
BRDA:4,2,0,2
BRDA:4,2,1,2
BRDA:7,3,0,1
BRDA:7,3,1,1
BRDA:9,4,0,0
BRDA:9,5,0,0
BRDA:11,6,0,1
BRDA:11,6,1,0
BRDA:11,7,0,1
BRDA:11,7,1,0
BRDA:13,8,0,0
BRDA:13,8,1,0
BRDA:13,9,0,0
BRDA:13,9,1,0
BRDA:25,10,0,1
BRDA:25,10,1,5
BRDA:27,11,0,2
BRDA:27,11,1,3
BRDA:30,12,0,2
BRDA:30,12,1,1
BRDA:32,13,0,0
BRDA:34,14,0,0
BRDA:34,14,1,1
BRDA:34,15,0,1
BRDA:34,15,1,1
BRDA:37,16,0,0
BRDA:37,16,1,1
BRDA:37,17,0,1
BRDA:37,17,1,1
BRDA:38,18,0,0
BRDA:38,18,1,1
BRDA:38,19,0,1
BRDA:38,19,1,1
BRDA:39,20,0,1
BRDA:39,20,1,0
BRF:38
BRH:25
end_of_record
